[2023-12-04 15:00:08,271: DEBUG/MainProcess] | Worker: Preparing bootsteps.
[2023-12-04 15:00:08,273: DEBUG/MainProcess] | Worker: Building graph...
[2023-12-04 15:00:08,274: DEBUG/MainProcess] | Worker: New boot order: {Beat, StateDB, Timer, Hub, Pool, Autoscaler, Consumer}
[2023-12-04 15:00:08,304: DEBUG/MainProcess] | Consumer: Preparing bootsteps.
[2023-12-04 15:00:08,305: DEBUG/MainProcess] | Consumer: Building graph...
[2023-12-04 15:00:08,363: DEBUG/MainProcess] | Consumer: New boot order: {Connection, Events, Mingle, Gossip, Tasks, Control, Agent, Heart, event loop}
[2023-12-04 15:00:08,395: WARNING/MainProcess] /usr/lib/python3.8/site-packages/celery/app/utils.py:204: CDeprecationWarning: 
    The 'CELERY_RESULT_BACKEND' setting is deprecated and scheduled for removal in
    version 6.0.0. Use the result_backend instead

  deprecated.warn(description=f'The {setting!r} setting',

[2023-12-04 15:00:08,395: WARNING/MainProcess] /usr/lib/python3.8/site-packages/celery/app/utils.py:204: CDeprecationWarning: 
    The 'CELERY_IGNORE_RESULT' setting is deprecated and scheduled for removal in
    version 6.0.0. Use the task_ignore_result instead

  deprecated.warn(description=f'The {setting!r} setting',

[2023-12-04 15:00:08,395: WARNING/MainProcess] Please run `celery upgrade settings path/to/settings.py` to avoid these warnings and to allow a smoother upgrade to Celery 6.0.
[2023-12-04 15:00:08,395: DEBUG/MainProcess] | Worker: Starting Hub
[2023-12-04 15:00:08,395: DEBUG/MainProcess] ^-- substep ok
[2023-12-04 15:00:08,395: DEBUG/MainProcess] | Worker: Starting Pool
[2023-12-04 15:00:08,764: DEBUG/MainProcess] ^-- substep ok
[2023-12-04 15:00:08,765: DEBUG/MainProcess] | Worker: Starting Consumer
[2023-12-04 15:00:08,765: DEBUG/MainProcess] | Consumer: Starting Connection
[2023-12-04 15:00:08,804: INFO/MainProcess] Connected to redis://redis:6379/0
[2023-12-04 15:00:08,804: DEBUG/MainProcess] ^-- substep ok
[2023-12-04 15:00:08,804: DEBUG/MainProcess] | Consumer: Starting Events
[2023-12-04 15:00:08,833: DEBUG/MainProcess] ^-- substep ok
[2023-12-04 15:00:08,833: DEBUG/MainProcess] | Consumer: Starting Mingle
[2023-12-04 15:00:08,833: INFO/MainProcess] mingle: searching for neighbors
[2023-12-04 15:00:09,897: INFO/MainProcess] mingle: all alone
[2023-12-04 15:00:09,898: DEBUG/MainProcess] ^-- substep ok
[2023-12-04 15:00:09,899: DEBUG/MainProcess] | Consumer: Starting Gossip
[2023-12-04 15:00:09,919: DEBUG/MainProcess] ^-- substep ok
[2023-12-04 15:00:09,919: DEBUG/MainProcess] | Consumer: Starting Tasks
[2023-12-04 15:00:09,941: DEBUG/MainProcess] ^-- substep ok
[2023-12-04 15:00:09,941: DEBUG/MainProcess] | Consumer: Starting Control
[2023-12-04 15:00:09,950: DEBUG/MainProcess] ^-- substep ok
[2023-12-04 15:00:09,950: DEBUG/MainProcess] | Consumer: Starting Heart
[2023-12-04 15:00:09,953: DEBUG/MainProcess] ^-- substep ok
[2023-12-04 15:00:09,953: DEBUG/MainProcess] | Consumer: Starting event loop
[2023-12-04 15:00:09,954: DEBUG/MainProcess] | Worker: Hub.register Pool...
[2023-12-04 15:00:09,955: INFO/MainProcess] celery@8b53d4c1ad31 ready.
[2023-12-04 15:00:09,955: DEBUG/MainProcess] basic.qos: prefetch_count->32
[2023-12-04 15:02:22,743: DEBUG/MainProcess] | Worker: Closing Hub...
[2023-12-04 15:02:22,744: DEBUG/MainProcess] | Worker: Closing Pool...
[2023-12-04 15:02:22,745: DEBUG/MainProcess] | Worker: Closing Consumer...
[2023-12-04 15:02:22,745: DEBUG/MainProcess] | Worker: Stopping Consumer...
[2023-12-04 15:02:22,746: DEBUG/MainProcess] | Consumer: Closing Connection...
[2023-12-04 15:02:22,747: DEBUG/MainProcess] | Consumer: Closing Events...
[2023-12-04 15:02:22,747: DEBUG/MainProcess] | Consumer: Closing Mingle...
[2023-12-04 15:02:22,748: DEBUG/MainProcess] | Consumer: Closing Gossip...
[2023-12-04 15:02:22,748: DEBUG/MainProcess] | Consumer: Closing Tasks...
[2023-12-04 15:02:22,749: DEBUG/MainProcess] | Consumer: Closing Control...
[2023-12-04 15:02:22,749: DEBUG/MainProcess] | Consumer: Closing Heart...
[2023-12-04 15:02:22,750: DEBUG/MainProcess] | Consumer: Closing event loop...
[2023-12-04 15:02:22,750: DEBUG/MainProcess] | Consumer: Stopping event loop...
[2023-12-04 15:02:22,751: DEBUG/MainProcess] | Consumer: Stopping Heart...
[2023-12-04 15:02:22,755: DEBUG/MainProcess] | Consumer: Stopping Control...
[2023-12-04 15:02:22,759: DEBUG/MainProcess] | Consumer: Stopping Tasks...
[2023-12-04 15:02:22,759: DEBUG/MainProcess] Canceling task consumer...
[2023-12-04 15:02:22,760: DEBUG/MainProcess] | Consumer: Stopping Gossip...
[2023-12-04 15:02:22,763: DEBUG/MainProcess] | Consumer: Stopping Mingle...
[2023-12-04 15:02:22,763: DEBUG/MainProcess] | Consumer: Stopping Events...
[2023-12-04 15:02:22,764: DEBUG/MainProcess] | Consumer: Stopping Connection...
[2023-12-04 15:02:22,764: DEBUG/MainProcess] | Worker: Stopping Pool...
[2023-12-04 15:02:23,784: DEBUG/MainProcess] | Worker: Stopping Hub...
[2023-12-04 15:02:23,784: DEBUG/MainProcess] | Consumer: Shutdown Heart...
[2023-12-04 15:02:23,784: DEBUG/MainProcess] | Consumer: Shutdown Control...
[2023-12-04 15:02:23,785: DEBUG/MainProcess] | Consumer: Shutdown Tasks...
[2023-12-04 15:02:23,785: DEBUG/MainProcess] Canceling task consumer...
[2023-12-04 15:02:23,785: DEBUG/MainProcess] Closing consumer channel...
[2023-12-04 15:02:23,785: DEBUG/MainProcess] | Consumer: Shutdown Gossip...
[2023-12-04 15:02:23,785: DEBUG/MainProcess] | Consumer: Shutdown Events...
[2023-12-04 15:02:23,786: DEBUG/MainProcess] | Consumer: Shutdown Connection...
[2023-12-04 15:02:23,787: DEBUG/MainProcess] removing tasks from inqueue until task handler finished
[2023-12-04 15:05:23,721: DEBUG/MainProcess] | Worker: Preparing bootsteps.
[2023-12-04 15:05:23,723: DEBUG/MainProcess] | Worker: Building graph...
[2023-12-04 15:05:23,724: DEBUG/MainProcess] | Worker: New boot order: {StateDB, Timer, Hub, Pool, Autoscaler, Beat, Consumer}
[2023-12-04 15:05:23,754: DEBUG/MainProcess] | Consumer: Preparing bootsteps.
[2023-12-04 15:05:23,754: DEBUG/MainProcess] | Consumer: Building graph...
[2023-12-04 15:05:23,814: DEBUG/MainProcess] | Consumer: New boot order: {Connection, Events, Heart, Agent, Mingle, Tasks, Control, Gossip, event loop}
[2023-12-04 15:05:23,845: WARNING/MainProcess] /usr/lib/python3.8/site-packages/celery/app/utils.py:204: CDeprecationWarning: 
    The 'CELERY_IGNORE_RESULT' setting is deprecated and scheduled for removal in
    version 6.0.0. Use the task_ignore_result instead

  deprecated.warn(description=f'The {setting!r} setting',

[2023-12-04 15:05:23,845: WARNING/MainProcess] /usr/lib/python3.8/site-packages/celery/app/utils.py:204: CDeprecationWarning: 
    The 'CELERY_RESULT_BACKEND' setting is deprecated and scheduled for removal in
    version 6.0.0. Use the result_backend instead

  deprecated.warn(description=f'The {setting!r} setting',

[2023-12-04 15:05:23,845: WARNING/MainProcess] Please run `celery upgrade settings path/to/settings.py` to avoid these warnings and to allow a smoother upgrade to Celery 6.0.
[2023-12-04 15:05:23,845: DEBUG/MainProcess] | Worker: Starting Hub
[2023-12-04 15:05:23,845: DEBUG/MainProcess] ^-- substep ok
[2023-12-04 15:05:23,846: DEBUG/MainProcess] | Worker: Starting Pool
[2023-12-04 15:05:24,217: DEBUG/MainProcess] ^-- substep ok
[2023-12-04 15:05:24,218: DEBUG/MainProcess] | Worker: Starting Consumer
[2023-12-04 15:05:24,218: DEBUG/MainProcess] | Consumer: Starting Connection
[2023-12-04 15:05:24,256: INFO/MainProcess] Connected to redis://redis:6379/0
[2023-12-04 15:05:24,257: DEBUG/MainProcess] ^-- substep ok
[2023-12-04 15:05:24,257: DEBUG/MainProcess] | Consumer: Starting Events
[2023-12-04 15:05:24,284: DEBUG/MainProcess] ^-- substep ok
[2023-12-04 15:05:24,284: DEBUG/MainProcess] | Consumer: Starting Heart
[2023-12-04 15:05:24,287: DEBUG/MainProcess] ^-- substep ok
[2023-12-04 15:05:24,287: DEBUG/MainProcess] | Consumer: Starting Mingle
[2023-12-04 15:05:24,287: INFO/MainProcess] mingle: searching for neighbors
[2023-12-04 15:05:25,349: INFO/MainProcess] mingle: all alone
[2023-12-04 15:05:25,350: DEBUG/MainProcess] ^-- substep ok
[2023-12-04 15:05:25,350: DEBUG/MainProcess] | Consumer: Starting Tasks
[2023-12-04 15:05:25,373: DEBUG/MainProcess] ^-- substep ok
[2023-12-04 15:05:25,373: DEBUG/MainProcess] | Consumer: Starting Control
[2023-12-04 15:05:25,383: DEBUG/MainProcess] ^-- substep ok
[2023-12-04 15:05:25,383: DEBUG/MainProcess] | Consumer: Starting Gossip
[2023-12-04 15:05:25,390: DEBUG/MainProcess] ^-- substep ok
[2023-12-04 15:05:25,390: DEBUG/MainProcess] | Consumer: Starting event loop
[2023-12-04 15:05:25,390: DEBUG/MainProcess] | Worker: Hub.register Pool...
[2023-12-04 15:05:25,391: INFO/MainProcess] celery@2f9a237760d9 ready.
[2023-12-04 15:05:25,391: DEBUG/MainProcess] basic.qos: prefetch_count->32
[2023-12-04 15:05:34,059: INFO/MainProcess] Received task: app.app.logtester[2671823a-5862-4371-b9d7-facf546bd668]  
[2023-12-04 15:05:34,059: DEBUG/MainProcess] TaskPool: Apply <function _trace_task_ret at 0x7fbcbae550d0> (args:('app.app.logtester', '2671823a-5862-4371-b9d7-facf546bd668', {'lang': 'py', 'task': 'app.app.logtester', 'id': '2671823a-5862-4371-b9d7-facf546bd668', 'shadow': None, 'eta': None, 'expires': None, 'group': None, 'group_index': None, 'retries': 0, 'timelimit': [None, None], 'root_id': '2671823a-5862-4371-b9d7-facf546bd668', 'parent_id': None, 'argsrepr': '()', 'kwargsrepr': '{}', 'origin': 'gen8@5e69318c2f29', 'reply_to': 'd9390485-5405-318e-b304-2fcfc22bd119', 'correlation_id': '2671823a-5862-4371-b9d7-facf546bd668', 'hostname': 'celery@2f9a237760d9', 'delivery_info': {'exchange': '', 'routing_key': 'celery', 'priority': 0, 'redelivered': None}, 'args': [], 'kwargs': {}}, b'[[], {}, {"callbacks": null, "errbacks": null, "chain": null, "chord": null}]', 'application/json', 'utf-8') kwargs:{})
[2023-12-04 15:05:34,061: DEBUG/MainProcess] Task accepted: app.app.logtester[2671823a-5862-4371-b9d7-facf546bd668] pid:15
[2023-12-04 15:05:34,061: WARNING/ForkPoolWorker-7] [2023-12-04 15:05:34,061] DEBUG in app: celery debug
[2023-12-04 15:05:34,061: DEBUG/ForkPoolWorker-7] celery debug
[2023-12-04 15:05:34,062: WARNING/ForkPoolWorker-7] [2023-12-04 15:05:34,061] INFO in app: celery info
[2023-12-04 15:05:34,061: INFO/ForkPoolWorker-7] celery info
[2023-12-04 15:05:34,062: WARNING/ForkPoolWorker-7] [2023-12-04 15:05:34,062] ERROR in app: celery error
[2023-12-04 15:05:34,062: ERROR/ForkPoolWorker-7] celery error
[2023-12-04 15:05:34,065: INFO/ForkPoolWorker-7] Task app.app.logtester[2671823a-5862-4371-b9d7-facf546bd668] succeeded in 0.004127533989958465s: True
[2023-12-04 15:06:36,978: DEBUG/MainProcess] | Worker: Closing Hub...
[2023-12-04 15:06:36,978: DEBUG/MainProcess] | Worker: Closing Pool...
[2023-12-04 15:06:36,979: DEBUG/MainProcess] | Worker: Closing Consumer...
[2023-12-04 15:06:36,979: DEBUG/MainProcess] | Worker: Stopping Consumer...
[2023-12-04 15:06:36,979: DEBUG/MainProcess] | Consumer: Closing Connection...
[2023-12-04 15:06:36,979: DEBUG/MainProcess] | Consumer: Closing Events...
[2023-12-04 15:06:36,979: DEBUG/MainProcess] | Consumer: Closing Heart...
[2023-12-04 15:06:36,980: DEBUG/MainProcess] | Consumer: Closing Mingle...
[2023-12-04 15:06:36,980: DEBUG/MainProcess] | Consumer: Closing Tasks...
[2023-12-04 15:06:36,980: DEBUG/MainProcess] | Consumer: Closing Control...
[2023-12-04 15:06:36,980: DEBUG/MainProcess] | Consumer: Closing Gossip...
[2023-12-04 15:06:36,980: DEBUG/MainProcess] | Consumer: Closing event loop...
[2023-12-04 15:06:36,980: DEBUG/MainProcess] | Consumer: Stopping event loop...
[2023-12-04 15:06:36,981: DEBUG/MainProcess] | Consumer: Stopping Gossip...
[2023-12-04 15:06:36,983: DEBUG/MainProcess] | Consumer: Stopping Control...
[2023-12-04 15:06:36,985: DEBUG/MainProcess] | Consumer: Stopping Tasks...
[2023-12-04 15:06:36,985: DEBUG/MainProcess] Canceling task consumer...
[2023-12-04 15:06:36,986: DEBUG/MainProcess] | Consumer: Stopping Mingle...
[2023-12-04 15:06:36,986: DEBUG/MainProcess] | Consumer: Stopping Heart...
[2023-12-04 15:06:36,987: DEBUG/MainProcess] | Consumer: Stopping Events...
[2023-12-04 15:06:36,987: DEBUG/MainProcess] | Consumer: Stopping Connection...
[2023-12-04 15:06:36,988: DEBUG/MainProcess] | Worker: Stopping Pool...
[2023-12-04 15:06:38,019: DEBUG/MainProcess] | Worker: Stopping Hub...
[2023-12-04 15:06:38,021: DEBUG/MainProcess] | Consumer: Shutdown Gossip...
[2023-12-04 15:06:38,021: DEBUG/MainProcess] | Consumer: Shutdown Control...
[2023-12-04 15:06:38,022: DEBUG/MainProcess] | Consumer: Shutdown Tasks...
[2023-12-04 15:06:38,023: DEBUG/MainProcess] Canceling task consumer...
[2023-12-04 15:06:38,023: DEBUG/MainProcess] Closing consumer channel...
[2023-12-04 15:06:38,023: DEBUG/MainProcess] | Consumer: Shutdown Heart...
[2023-12-04 15:06:38,024: DEBUG/MainProcess] | Consumer: Shutdown Events...
[2023-12-04 15:06:38,025: DEBUG/MainProcess] | Consumer: Shutdown Connection...
[2023-12-04 15:06:38,027: DEBUG/MainProcess] removing tasks from inqueue until task handler finished
[2023-12-04 15:15:53,883: DEBUG/MainProcess] | Worker: Preparing bootsteps.
[2023-12-04 15:15:53,885: DEBUG/MainProcess] | Worker: Building graph...
[2023-12-04 15:15:53,886: DEBUG/MainProcess] | Worker: New boot order: {Timer, Hub, Pool, Autoscaler, StateDB, Beat, Consumer}
[2023-12-04 15:15:53,914: DEBUG/MainProcess] | Consumer: Preparing bootsteps.
[2023-12-04 15:15:53,914: DEBUG/MainProcess] | Consumer: Building graph...
[2023-12-04 15:15:53,955: DEBUG/MainProcess] | Consumer: New boot order: {Connection, Events, Mingle, Tasks, Control, Heart, Gossip, Agent, event loop}
[2023-12-04 15:15:53,986: WARNING/MainProcess] /usr/lib/python3.8/site-packages/celery/app/utils.py:204: CDeprecationWarning: 
    The 'CELERY_RESULT_BACKEND' setting is deprecated and scheduled for removal in
    version 6.0.0. Use the result_backend instead

  deprecated.warn(description=f'The {setting!r} setting',

[2023-12-04 15:15:53,987: WARNING/MainProcess] /usr/lib/python3.8/site-packages/celery/app/utils.py:204: CDeprecationWarning: 
    The 'CELERY_IGNORE_RESULT' setting is deprecated and scheduled for removal in
    version 6.0.0. Use the task_ignore_result instead

  deprecated.warn(description=f'The {setting!r} setting',

[2023-12-04 15:15:53,987: WARNING/MainProcess] Please run `celery upgrade settings path/to/settings.py` to avoid these warnings and to allow a smoother upgrade to Celery 6.0.
[2023-12-04 15:15:53,987: DEBUG/MainProcess] | Worker: Starting Hub
[2023-12-04 15:15:53,987: DEBUG/MainProcess] ^-- substep ok
[2023-12-04 15:15:53,987: DEBUG/MainProcess] | Worker: Starting Pool
[2023-12-04 15:15:54,353: DEBUG/MainProcess] ^-- substep ok
[2023-12-04 15:15:54,354: DEBUG/MainProcess] | Worker: Starting Consumer
[2023-12-04 15:15:54,354: DEBUG/MainProcess] | Consumer: Starting Connection
[2023-12-04 15:15:54,392: INFO/MainProcess] Connected to redis://redis:6379/0
[2023-12-04 15:15:54,392: DEBUG/MainProcess] ^-- substep ok
[2023-12-04 15:15:54,392: DEBUG/MainProcess] | Consumer: Starting Events
[2023-12-04 15:15:54,419: DEBUG/MainProcess] ^-- substep ok
[2023-12-04 15:15:54,419: DEBUG/MainProcess] | Consumer: Starting Mingle
[2023-12-04 15:15:54,420: INFO/MainProcess] mingle: searching for neighbors
[2023-12-04 15:15:55,477: INFO/MainProcess] mingle: all alone
[2023-12-04 15:15:55,477: DEBUG/MainProcess] ^-- substep ok
[2023-12-04 15:15:55,477: DEBUG/MainProcess] | Consumer: Starting Tasks
[2023-12-04 15:15:55,483: DEBUG/MainProcess] ^-- substep ok
[2023-12-04 15:15:55,483: DEBUG/MainProcess] | Consumer: Starting Control
[2023-12-04 15:15:55,489: DEBUG/MainProcess] ^-- substep ok
[2023-12-04 15:15:55,489: DEBUG/MainProcess] | Consumer: Starting Heart
[2023-12-04 15:15:55,491: DEBUG/MainProcess] ^-- substep ok
[2023-12-04 15:15:55,492: DEBUG/MainProcess] | Consumer: Starting Gossip
[2023-12-04 15:15:55,497: DEBUG/MainProcess] ^-- substep ok
[2023-12-04 15:15:55,497: DEBUG/MainProcess] | Consumer: Starting event loop
[2023-12-04 15:15:55,497: DEBUG/MainProcess] | Worker: Hub.register Pool...
[2023-12-04 15:15:55,498: INFO/MainProcess] celery@5d77c6c07d46 ready.
[2023-12-04 15:15:55,498: DEBUG/MainProcess] basic.qos: prefetch_count->32
[2023-12-04 15:16:06,643: INFO/MainProcess] Received task: app.app.logtester[82000f1d-0714-4a66-83d6-ed125939ad3e]  
[2023-12-04 15:16:06,644: DEBUG/MainProcess] TaskPool: Apply <function _trace_task_ret at 0x7feb75eb90d0> (args:('app.app.logtester', '82000f1d-0714-4a66-83d6-ed125939ad3e', {'lang': 'py', 'task': 'app.app.logtester', 'id': '82000f1d-0714-4a66-83d6-ed125939ad3e', 'shadow': None, 'eta': None, 'expires': None, 'group': None, 'group_index': None, 'retries': 0, 'timelimit': [None, None], 'root_id': '82000f1d-0714-4a66-83d6-ed125939ad3e', 'parent_id': None, 'argsrepr': '()', 'kwargsrepr': '{}', 'origin': 'gen8@5e69318c2f29', 'reply_to': 'fa9fe9e2-948a-3337-8c34-5eaf1f7f66ad', 'correlation_id': '82000f1d-0714-4a66-83d6-ed125939ad3e', 'hostname': 'celery@5d77c6c07d46', 'delivery_info': {'exchange': '', 'routing_key': 'celery', 'priority': 0, 'redelivered': None}, 'args': [], 'kwargs': {}}, b'[[], {}, {"callbacks": null, "errbacks": null, "chain": null, "chord": null}]', 'application/json', 'utf-8') kwargs:{})
[2023-12-04 15:16:06,645: DEBUG/MainProcess] Task accepted: app.app.logtester[82000f1d-0714-4a66-83d6-ed125939ad3e] pid:15
[2023-12-04 15:16:06,646: WARNING/ForkPoolWorker-7] [2023-12-04 15:16:06,645] DEBUG in app: celery debug
[2023-12-04 15:16:06,645: DEBUG/ForkPoolWorker-7] celery debug
[2023-12-04 15:16:06,646: WARNING/ForkPoolWorker-7] [2023-12-04 15:16:06,646] INFO in app: celery info
[2023-12-04 15:16:06,646: INFO/ForkPoolWorker-7] celery info
[2023-12-04 15:16:06,646: WARNING/ForkPoolWorker-7] [2023-12-04 15:16:06,646] ERROR in app: celery error
[2023-12-04 15:16:06,646: ERROR/ForkPoolWorker-7] celery error
[2023-12-04 15:16:06,649: INFO/ForkPoolWorker-7] Task app.app.logtester[82000f1d-0714-4a66-83d6-ed125939ad3e] succeeded in 0.004102983002667315s: True
[2023-12-04 15:16:21,795: DEBUG/MainProcess] | Worker: Closing Hub...
[2023-12-04 15:16:21,795: DEBUG/MainProcess] | Worker: Closing Pool...
[2023-12-04 15:16:21,796: DEBUG/MainProcess] | Worker: Closing Consumer...
[2023-12-04 15:16:21,796: DEBUG/MainProcess] | Worker: Stopping Consumer...
[2023-12-04 15:16:21,796: DEBUG/MainProcess] | Consumer: Closing Connection...
[2023-12-04 15:16:21,796: DEBUG/MainProcess] | Consumer: Closing Events...
[2023-12-04 15:16:21,796: DEBUG/MainProcess] | Consumer: Closing Mingle...
[2023-12-04 15:16:21,796: DEBUG/MainProcess] | Consumer: Closing Tasks...
[2023-12-04 15:16:21,797: DEBUG/MainProcess] | Consumer: Closing Control...
[2023-12-04 15:16:21,797: DEBUG/MainProcess] | Consumer: Closing Heart...
[2023-12-04 15:16:21,797: DEBUG/MainProcess] | Consumer: Closing Gossip...
[2023-12-04 15:16:21,797: DEBUG/MainProcess] | Consumer: Closing event loop...
[2023-12-04 15:16:21,797: DEBUG/MainProcess] | Consumer: Stopping event loop...
[2023-12-04 15:16:21,797: DEBUG/MainProcess] | Consumer: Stopping Gossip...
[2023-12-04 15:16:21,800: DEBUG/MainProcess] | Consumer: Stopping Heart...
[2023-12-04 15:16:21,802: DEBUG/MainProcess] | Consumer: Stopping Control...
[2023-12-04 15:16:21,805: DEBUG/MainProcess] | Consumer: Stopping Tasks...
[2023-12-04 15:16:21,805: DEBUG/MainProcess] Canceling task consumer...
[2023-12-04 15:16:21,805: DEBUG/MainProcess] | Consumer: Stopping Mingle...
[2023-12-04 15:16:21,805: DEBUG/MainProcess] | Consumer: Stopping Events...
[2023-12-04 15:16:21,806: DEBUG/MainProcess] | Consumer: Stopping Connection...
[2023-12-04 15:16:21,806: DEBUG/MainProcess] | Worker: Stopping Pool...
[2023-12-04 15:16:22,829: DEBUG/MainProcess] | Worker: Stopping Hub...
[2023-12-04 15:16:22,830: DEBUG/MainProcess] | Consumer: Shutdown Gossip...
[2023-12-04 15:16:22,831: DEBUG/MainProcess] | Consumer: Shutdown Heart...
[2023-12-04 15:16:22,831: DEBUG/MainProcess] | Consumer: Shutdown Control...
[2023-12-04 15:16:22,832: DEBUG/MainProcess] | Consumer: Shutdown Tasks...
[2023-12-04 15:16:22,833: DEBUG/MainProcess] Canceling task consumer...
[2023-12-04 15:16:22,833: DEBUG/MainProcess] Closing consumer channel...
[2023-12-04 15:16:22,834: DEBUG/MainProcess] | Consumer: Shutdown Events...
[2023-12-04 15:16:22,835: DEBUG/MainProcess] | Consumer: Shutdown Connection...
[2023-12-04 15:16:22,837: DEBUG/MainProcess] removing tasks from inqueue until task handler finished
[2023-12-06 16:38:07,687: DEBUG/MainProcess] | Worker: Preparing bootsteps.
[2023-12-06 16:38:07,689: DEBUG/MainProcess] | Worker: Building graph...
[2023-12-06 16:38:07,690: DEBUG/MainProcess] | Worker: New boot order: {Timer, Hub, Pool, Autoscaler, Beat, StateDB, Consumer}
[2023-12-06 16:38:07,719: DEBUG/MainProcess] | Consumer: Preparing bootsteps.
[2023-12-06 16:38:07,720: DEBUG/MainProcess] | Consumer: Building graph...
[2023-12-06 16:38:07,779: DEBUG/MainProcess] | Consumer: New boot order: {Connection, Agent, Events, Mingle, Gossip, Tasks, Control, Heart, event loop}
[2023-12-06 16:38:07,809: DEBUG/MainProcess] | Worker: Starting Hub
[2023-12-06 16:38:07,809: DEBUG/MainProcess] ^-- substep ok
[2023-12-06 16:38:07,810: DEBUG/MainProcess] | Worker: Starting Pool
[2023-12-06 16:38:08,046: DEBUG/MainProcess] ^-- substep ok
[2023-12-06 16:38:08,046: DEBUG/MainProcess] | Worker: Starting Consumer
[2023-12-06 16:38:08,047: DEBUG/MainProcess] | Consumer: Starting Connection
[2023-12-06 16:38:08,088: INFO/MainProcess] Connected to redis://redis:6379/0
[2023-12-06 16:38:08,088: DEBUG/MainProcess] ^-- substep ok
[2023-12-06 16:38:08,088: DEBUG/MainProcess] | Consumer: Starting Events
[2023-12-06 16:38:08,115: DEBUG/MainProcess] ^-- substep ok
[2023-12-06 16:38:08,115: DEBUG/MainProcess] | Consumer: Starting Mingle
[2023-12-06 16:38:08,115: INFO/MainProcess] mingle: searching for neighbors
[2023-12-06 16:38:09,177: INFO/MainProcess] mingle: all alone
[2023-12-06 16:38:09,177: DEBUG/MainProcess] ^-- substep ok
[2023-12-06 16:38:09,178: DEBUG/MainProcess] | Consumer: Starting Gossip
[2023-12-06 16:38:09,191: DEBUG/MainProcess] ^-- substep ok
[2023-12-06 16:38:09,191: DEBUG/MainProcess] | Consumer: Starting Tasks
[2023-12-06 16:38:09,199: DEBUG/MainProcess] ^-- substep ok
[2023-12-06 16:38:09,199: DEBUG/MainProcess] | Consumer: Starting Control
[2023-12-06 16:38:09,206: DEBUG/MainProcess] ^-- substep ok
[2023-12-06 16:38:09,206: DEBUG/MainProcess] | Consumer: Starting Heart
[2023-12-06 16:38:09,209: DEBUG/MainProcess] ^-- substep ok
[2023-12-06 16:38:09,209: DEBUG/MainProcess] | Consumer: Starting event loop
[2023-12-06 16:38:09,209: DEBUG/MainProcess] | Worker: Hub.register Pool...
[2023-12-06 16:38:09,210: INFO/MainProcess] celery@8043cdc92932 ready.
[2023-12-06 16:38:09,210: DEBUG/MainProcess] basic.qos: prefetch_count->32
[2023-12-06 16:39:57,929: DEBUG/MainProcess] | Worker: Closing Hub...
[2023-12-06 16:39:57,929: DEBUG/MainProcess] | Worker: Closing Pool...
[2023-12-06 16:39:57,930: DEBUG/MainProcess] | Worker: Closing Consumer...
[2023-12-06 16:39:57,930: DEBUG/MainProcess] | Worker: Stopping Consumer...
[2023-12-06 16:39:57,930: DEBUG/MainProcess] | Consumer: Closing Connection...
[2023-12-06 16:39:57,931: DEBUG/MainProcess] | Consumer: Closing Events...
[2023-12-06 16:39:57,931: DEBUG/MainProcess] | Consumer: Closing Mingle...
[2023-12-06 16:39:57,931: DEBUG/MainProcess] | Consumer: Closing Gossip...
[2023-12-06 16:39:57,931: DEBUG/MainProcess] | Consumer: Closing Tasks...
[2023-12-06 16:39:57,932: DEBUG/MainProcess] | Consumer: Closing Control...
[2023-12-06 16:39:57,932: DEBUG/MainProcess] | Consumer: Closing Heart...
[2023-12-06 16:39:57,932: DEBUG/MainProcess] | Consumer: Closing event loop...
[2023-12-06 16:39:57,932: DEBUG/MainProcess] | Consumer: Stopping event loop...
[2023-12-06 16:39:57,932: DEBUG/MainProcess] | Consumer: Stopping Heart...
[2023-12-06 16:39:57,934: DEBUG/MainProcess] | Consumer: Stopping Control...
[2023-12-06 16:39:57,938: DEBUG/MainProcess] | Consumer: Stopping Tasks...
[2023-12-06 16:39:57,938: DEBUG/MainProcess] Canceling task consumer...
[2023-12-06 16:39:57,938: DEBUG/MainProcess] | Consumer: Stopping Gossip...
[2023-12-06 16:39:57,941: DEBUG/MainProcess] | Consumer: Stopping Mingle...
[2023-12-06 16:39:57,941: DEBUG/MainProcess] | Consumer: Stopping Events...
[2023-12-06 16:39:57,941: DEBUG/MainProcess] | Consumer: Stopping Connection...
[2023-12-06 16:39:57,941: DEBUG/MainProcess] | Worker: Stopping Pool...
[2023-12-06 16:39:58,962: DEBUG/MainProcess] | Worker: Stopping Hub...
[2023-12-06 16:39:58,963: DEBUG/MainProcess] | Consumer: Shutdown Heart...
[2023-12-06 16:39:58,963: DEBUG/MainProcess] | Consumer: Shutdown Control...
[2023-12-06 16:39:58,963: DEBUG/MainProcess] | Consumer: Shutdown Tasks...
[2023-12-06 16:39:58,964: DEBUG/MainProcess] Canceling task consumer...
[2023-12-06 16:39:58,964: DEBUG/MainProcess] Closing consumer channel...
[2023-12-06 16:39:58,965: DEBUG/MainProcess] | Consumer: Shutdown Gossip...
[2023-12-06 16:39:58,965: DEBUG/MainProcess] | Consumer: Shutdown Events...
[2023-12-06 16:39:58,966: DEBUG/MainProcess] | Consumer: Shutdown Connection...
[2023-12-06 16:39:58,968: DEBUG/MainProcess] removing tasks from inqueue until task handler finished
[2023-12-06 16:45:44,668: DEBUG/MainProcess] | Worker: Preparing bootsteps.
[2023-12-06 16:45:44,671: DEBUG/MainProcess] | Worker: Building graph...
[2023-12-06 16:45:44,672: DEBUG/MainProcess] | Worker: New boot order: {Beat, Timer, Hub, Pool, Autoscaler, StateDB, Consumer}
[2023-12-06 16:45:44,705: DEBUG/MainProcess] | Consumer: Preparing bootsteps.
[2023-12-06 16:45:44,705: DEBUG/MainProcess] | Consumer: Building graph...
[2023-12-06 16:45:44,756: DEBUG/MainProcess] | Consumer: New boot order: {Connection, Events, Mingle, Gossip, Tasks, Control, Heart, Agent, event loop}
[2023-12-06 16:45:44,786: DEBUG/MainProcess] | Worker: Starting Hub
[2023-12-06 16:45:44,787: DEBUG/MainProcess] ^-- substep ok
[2023-12-06 16:45:44,787: DEBUG/MainProcess] | Worker: Starting Pool
[2023-12-06 16:45:45,057: DEBUG/MainProcess] ^-- substep ok
[2023-12-06 16:45:45,058: DEBUG/MainProcess] | Worker: Starting Consumer
[2023-12-06 16:45:45,059: DEBUG/MainProcess] | Consumer: Starting Connection
[2023-12-06 16:45:45,101: INFO/MainProcess] Connected to redis://redis:6379/0
[2023-12-06 16:45:45,101: DEBUG/MainProcess] ^-- substep ok
[2023-12-06 16:45:45,101: DEBUG/MainProcess] | Consumer: Starting Events
[2023-12-06 16:45:45,128: DEBUG/MainProcess] ^-- substep ok
[2023-12-06 16:45:45,129: DEBUG/MainProcess] | Consumer: Starting Mingle
[2023-12-06 16:45:45,129: INFO/MainProcess] mingle: searching for neighbors
[2023-12-06 16:45:46,190: INFO/MainProcess] mingle: all alone
[2023-12-06 16:45:46,190: DEBUG/MainProcess] ^-- substep ok
[2023-12-06 16:45:46,190: DEBUG/MainProcess] | Consumer: Starting Gossip
[2023-12-06 16:45:46,198: DEBUG/MainProcess] ^-- substep ok
[2023-12-06 16:45:46,198: DEBUG/MainProcess] | Consumer: Starting Tasks
[2023-12-06 16:45:46,205: DEBUG/MainProcess] ^-- substep ok
[2023-12-06 16:45:46,205: DEBUG/MainProcess] | Consumer: Starting Control
[2023-12-06 16:45:46,212: DEBUG/MainProcess] ^-- substep ok
[2023-12-06 16:45:46,212: DEBUG/MainProcess] | Consumer: Starting Heart
[2023-12-06 16:45:46,215: DEBUG/MainProcess] ^-- substep ok
[2023-12-06 16:45:46,216: DEBUG/MainProcess] | Consumer: Starting event loop
[2023-12-06 16:45:46,216: DEBUG/MainProcess] | Worker: Hub.register Pool...
[2023-12-06 16:45:46,217: INFO/MainProcess] celery@8043cdc92932 ready.
[2023-12-06 16:45:46,218: DEBUG/MainProcess] basic.qos: prefetch_count->32
[2023-12-06 16:49:11,922: DEBUG/MainProcess] | Worker: Closing Hub...
[2023-12-06 16:49:11,922: DEBUG/MainProcess] | Worker: Closing Pool...
[2023-12-06 16:49:11,922: DEBUG/MainProcess] | Worker: Closing Consumer...
[2023-12-06 16:49:11,922: DEBUG/MainProcess] | Worker: Stopping Consumer...
[2023-12-06 16:49:11,923: DEBUG/MainProcess] | Consumer: Closing Connection...
[2023-12-06 16:49:11,923: DEBUG/MainProcess] | Consumer: Closing Events...
[2023-12-06 16:49:11,923: DEBUG/MainProcess] | Consumer: Closing Mingle...
[2023-12-06 16:49:11,923: DEBUG/MainProcess] | Consumer: Closing Gossip...
[2023-12-06 16:49:11,923: DEBUG/MainProcess] | Consumer: Closing Tasks...
[2023-12-06 16:49:11,923: DEBUG/MainProcess] | Consumer: Closing Control...
[2023-12-06 16:49:11,923: DEBUG/MainProcess] | Consumer: Closing Heart...
[2023-12-06 16:49:11,924: DEBUG/MainProcess] | Consumer: Closing event loop...
[2023-12-06 16:49:11,924: DEBUG/MainProcess] | Consumer: Stopping event loop...
[2023-12-06 16:49:11,924: DEBUG/MainProcess] | Consumer: Stopping Heart...
[2023-12-06 16:49:11,925: DEBUG/MainProcess] | Consumer: Stopping Control...
[2023-12-06 16:49:11,928: DEBUG/MainProcess] | Consumer: Stopping Tasks...
[2023-12-06 16:49:11,928: DEBUG/MainProcess] Canceling task consumer...
[2023-12-06 16:49:11,928: DEBUG/MainProcess] | Consumer: Stopping Gossip...
[2023-12-06 16:49:11,931: DEBUG/MainProcess] | Consumer: Stopping Mingle...
[2023-12-06 16:49:11,931: DEBUG/MainProcess] | Consumer: Stopping Events...
[2023-12-06 16:49:11,931: DEBUG/MainProcess] | Consumer: Stopping Connection...
[2023-12-06 16:49:11,931: DEBUG/MainProcess] | Worker: Stopping Pool...
[2023-12-06 16:49:12,948: DEBUG/MainProcess] | Worker: Stopping Hub...
[2023-12-06 16:49:12,949: DEBUG/MainProcess] | Consumer: Shutdown Heart...
[2023-12-06 16:49:12,949: DEBUG/MainProcess] | Consumer: Shutdown Control...
[2023-12-06 16:49:12,950: DEBUG/MainProcess] | Consumer: Shutdown Tasks...
[2023-12-06 16:49:12,951: DEBUG/MainProcess] Canceling task consumer...
[2023-12-06 16:49:12,952: DEBUG/MainProcess] Closing consumer channel...
[2023-12-06 16:49:12,953: DEBUG/MainProcess] | Consumer: Shutdown Gossip...
[2023-12-06 16:49:12,954: DEBUG/MainProcess] | Consumer: Shutdown Events...
[2023-12-06 16:49:12,955: DEBUG/MainProcess] | Consumer: Shutdown Connection...
[2023-12-06 16:49:12,957: DEBUG/MainProcess] removing tasks from inqueue until task handler finished
[2023-12-06 16:49:33,537: DEBUG/MainProcess] | Worker: Preparing bootsteps.
[2023-12-06 16:49:33,541: DEBUG/MainProcess] | Worker: Building graph...
[2023-12-06 16:49:33,542: DEBUG/MainProcess] | Worker: New boot order: {StateDB, Beat, Timer, Hub, Pool, Autoscaler, Consumer}
[2023-12-06 16:49:33,574: DEBUG/MainProcess] | Consumer: Preparing bootsteps.
[2023-12-06 16:49:33,575: DEBUG/MainProcess] | Consumer: Building graph...
[2023-12-06 16:49:33,634: DEBUG/MainProcess] | Consumer: New boot order: {Connection, Events, Mingle, Gossip, Agent, Heart, Tasks, Control, event loop}
[2023-12-06 16:49:33,670: DEBUG/MainProcess] | Worker: Starting Hub
[2023-12-06 16:49:33,671: DEBUG/MainProcess] ^-- substep ok
[2023-12-06 16:49:33,671: DEBUG/MainProcess] | Worker: Starting Pool
[2023-12-06 16:49:34,007: DEBUG/MainProcess] ^-- substep ok
[2023-12-06 16:49:34,008: DEBUG/MainProcess] | Worker: Starting Consumer
[2023-12-06 16:49:34,009: DEBUG/MainProcess] | Consumer: Starting Connection
[2023-12-06 16:49:34,051: INFO/MainProcess] Connected to redis://redis:6379/0
[2023-12-06 16:49:34,051: DEBUG/MainProcess] ^-- substep ok
[2023-12-06 16:49:34,052: DEBUG/MainProcess] | Consumer: Starting Events
[2023-12-06 16:49:34,081: DEBUG/MainProcess] ^-- substep ok
[2023-12-06 16:49:34,082: DEBUG/MainProcess] | Consumer: Starting Mingle
[2023-12-06 16:49:34,082: INFO/MainProcess] mingle: searching for neighbors
[2023-12-06 16:49:35,144: INFO/MainProcess] mingle: all alone
[2023-12-06 16:49:35,144: DEBUG/MainProcess] ^-- substep ok
[2023-12-06 16:49:35,144: DEBUG/MainProcess] | Consumer: Starting Gossip
[2023-12-06 16:49:35,151: DEBUG/MainProcess] ^-- substep ok
[2023-12-06 16:49:35,151: DEBUG/MainProcess] | Consumer: Starting Heart
[2023-12-06 16:49:35,153: DEBUG/MainProcess] ^-- substep ok
[2023-12-06 16:49:35,154: DEBUG/MainProcess] | Consumer: Starting Tasks
[2023-12-06 16:49:35,160: DEBUG/MainProcess] ^-- substep ok
[2023-12-06 16:49:35,160: DEBUG/MainProcess] | Consumer: Starting Control
[2023-12-06 16:49:35,166: DEBUG/MainProcess] ^-- substep ok
[2023-12-06 16:49:35,166: DEBUG/MainProcess] | Consumer: Starting event loop
[2023-12-06 16:49:35,166: DEBUG/MainProcess] | Worker: Hub.register Pool...
[2023-12-06 16:49:35,167: INFO/MainProcess] celery@8043cdc92932 ready.
[2023-12-06 16:49:35,167: DEBUG/MainProcess] basic.qos: prefetch_count->32
[2023-12-06 16:52:21,037: DEBUG/MainProcess] | Worker: Closing Hub...
[2023-12-06 16:52:21,038: DEBUG/MainProcess] | Worker: Closing Pool...
[2023-12-06 16:52:21,038: DEBUG/MainProcess] | Worker: Closing Consumer...
[2023-12-06 16:52:21,039: DEBUG/MainProcess] | Worker: Stopping Consumer...
[2023-12-06 16:52:21,039: DEBUG/MainProcess] | Consumer: Closing Connection...
[2023-12-06 16:52:21,039: DEBUG/MainProcess] | Consumer: Closing Events...
[2023-12-06 16:52:21,039: DEBUG/MainProcess] | Consumer: Closing Mingle...
[2023-12-06 16:52:21,040: DEBUG/MainProcess] | Consumer: Closing Gossip...
[2023-12-06 16:52:21,040: DEBUG/MainProcess] | Consumer: Closing Heart...
[2023-12-06 16:52:21,040: DEBUG/MainProcess] | Consumer: Closing Tasks...
[2023-12-06 16:52:21,040: DEBUG/MainProcess] | Consumer: Closing Control...
[2023-12-06 16:52:21,041: DEBUG/MainProcess] | Consumer: Closing event loop...
[2023-12-06 16:52:21,041: DEBUG/MainProcess] | Consumer: Stopping event loop...
[2023-12-06 16:52:21,041: DEBUG/MainProcess] | Consumer: Stopping Control...
[2023-12-06 16:52:21,044: DEBUG/MainProcess] | Consumer: Stopping Tasks...
[2023-12-06 16:52:21,045: DEBUG/MainProcess] Canceling task consumer...
[2023-12-06 16:52:21,045: DEBUG/MainProcess] | Consumer: Stopping Heart...
[2023-12-06 16:52:21,047: DEBUG/MainProcess] | Consumer: Stopping Gossip...
[2023-12-06 16:52:21,050: DEBUG/MainProcess] | Consumer: Stopping Mingle...
[2023-12-06 16:52:21,050: DEBUG/MainProcess] | Consumer: Stopping Events...
[2023-12-06 16:52:21,050: DEBUG/MainProcess] | Consumer: Stopping Connection...
[2023-12-06 16:52:21,051: DEBUG/MainProcess] | Worker: Stopping Pool...
[2023-12-06 16:52:22,066: DEBUG/MainProcess] | Worker: Stopping Hub...
[2023-12-06 16:52:22,067: DEBUG/MainProcess] | Consumer: Shutdown Control...
[2023-12-06 16:52:22,067: DEBUG/MainProcess] | Consumer: Shutdown Tasks...
[2023-12-06 16:52:22,068: DEBUG/MainProcess] Canceling task consumer...
[2023-12-06 16:52:22,068: DEBUG/MainProcess] Closing consumer channel...
[2023-12-06 16:52:22,068: DEBUG/MainProcess] | Consumer: Shutdown Heart...
[2023-12-06 16:52:22,069: DEBUG/MainProcess] | Consumer: Shutdown Gossip...
[2023-12-06 16:52:22,069: DEBUG/MainProcess] | Consumer: Shutdown Events...
[2023-12-06 16:52:22,070: DEBUG/MainProcess] | Consumer: Shutdown Connection...
[2023-12-06 16:52:22,072: DEBUG/MainProcess] removing tasks from inqueue until task handler finished
[2023-12-06 16:57:34,217: DEBUG/MainProcess] | Worker: Preparing bootsteps.
[2023-12-06 16:57:34,221: DEBUG/MainProcess] | Worker: Building graph...
[2023-12-06 16:57:34,221: DEBUG/MainProcess] | Worker: New boot order: {StateDB, Timer, Hub, Pool, Autoscaler, Beat, Consumer}
[2023-12-06 16:57:34,251: DEBUG/MainProcess] | Consumer: Preparing bootsteps.
[2023-12-06 16:57:34,251: DEBUG/MainProcess] | Consumer: Building graph...
[2023-12-06 16:57:34,307: DEBUG/MainProcess] | Consumer: New boot order: {Connection, Events, Heart, Mingle, Tasks, Control, Agent, Gossip, event loop}
[2023-12-06 16:57:34,337: DEBUG/MainProcess] | Worker: Starting Hub
[2023-12-06 16:57:34,337: DEBUG/MainProcess] ^-- substep ok
[2023-12-06 16:57:34,338: DEBUG/MainProcess] | Worker: Starting Pool
[2023-12-06 16:57:34,589: DEBUG/MainProcess] ^-- substep ok
[2023-12-06 16:57:34,590: DEBUG/MainProcess] | Worker: Starting Consumer
[2023-12-06 16:57:34,590: DEBUG/MainProcess] | Consumer: Starting Connection
[2023-12-06 16:57:34,632: INFO/MainProcess] Connected to redis://redis:6379/0
[2023-12-06 16:57:34,632: DEBUG/MainProcess] ^-- substep ok
[2023-12-06 16:57:34,632: DEBUG/MainProcess] | Consumer: Starting Events
[2023-12-06 16:57:34,659: DEBUG/MainProcess] ^-- substep ok
[2023-12-06 16:57:34,659: DEBUG/MainProcess] | Consumer: Starting Heart
[2023-12-06 16:57:34,661: DEBUG/MainProcess] ^-- substep ok
[2023-12-06 16:57:34,661: DEBUG/MainProcess] | Consumer: Starting Mingle
[2023-12-06 16:57:34,662: INFO/MainProcess] mingle: searching for neighbors
[2023-12-06 16:57:35,719: INFO/MainProcess] mingle: all alone
[2023-12-06 16:57:35,719: DEBUG/MainProcess] ^-- substep ok
[2023-12-06 16:57:35,719: DEBUG/MainProcess] | Consumer: Starting Tasks
[2023-12-06 16:57:35,727: DEBUG/MainProcess] ^-- substep ok
[2023-12-06 16:57:35,728: DEBUG/MainProcess] | Consumer: Starting Control
[2023-12-06 16:57:35,735: DEBUG/MainProcess] ^-- substep ok
[2023-12-06 16:57:35,735: DEBUG/MainProcess] | Consumer: Starting Gossip
[2023-12-06 16:57:35,743: DEBUG/MainProcess] ^-- substep ok
[2023-12-06 16:57:35,743: DEBUG/MainProcess] | Consumer: Starting event loop
[2023-12-06 16:57:35,743: DEBUG/MainProcess] | Worker: Hub.register Pool...
[2023-12-06 16:57:35,744: INFO/MainProcess] celery@8043cdc92932 ready.
[2023-12-06 16:57:35,745: DEBUG/MainProcess] basic.qos: prefetch_count->32
[2023-12-06 16:59:26,068: DEBUG/MainProcess] | Worker: Closing Hub...
[2023-12-06 16:59:26,069: DEBUG/MainProcess] | Worker: Closing Pool...
[2023-12-06 16:59:26,069: DEBUG/MainProcess] | Worker: Closing Consumer...
[2023-12-06 16:59:26,069: DEBUG/MainProcess] | Worker: Stopping Consumer...
[2023-12-06 16:59:26,069: DEBUG/MainProcess] | Consumer: Closing Connection...
[2023-12-06 16:59:26,069: DEBUG/MainProcess] | Consumer: Closing Events...
[2023-12-06 16:59:26,069: DEBUG/MainProcess] | Consumer: Closing Heart...
[2023-12-06 16:59:26,070: DEBUG/MainProcess] | Consumer: Closing Mingle...
[2023-12-06 16:59:26,070: DEBUG/MainProcess] | Consumer: Closing Tasks...
[2023-12-06 16:59:26,070: DEBUG/MainProcess] | Consumer: Closing Control...
[2023-12-06 16:59:26,070: DEBUG/MainProcess] | Consumer: Closing Gossip...
[2023-12-06 16:59:26,070: DEBUG/MainProcess] | Consumer: Closing event loop...
[2023-12-06 16:59:26,070: DEBUG/MainProcess] | Consumer: Stopping event loop...
[2023-12-06 16:59:26,070: DEBUG/MainProcess] | Consumer: Stopping Gossip...
[2023-12-06 16:59:26,072: DEBUG/MainProcess] | Consumer: Stopping Control...
[2023-12-06 16:59:26,074: DEBUG/MainProcess] | Consumer: Stopping Tasks...
[2023-12-06 16:59:26,074: DEBUG/MainProcess] Canceling task consumer...
[2023-12-06 16:59:26,075: DEBUG/MainProcess] | Consumer: Stopping Mingle...
[2023-12-06 16:59:26,075: DEBUG/MainProcess] | Consumer: Stopping Heart...
[2023-12-06 16:59:26,076: DEBUG/MainProcess] | Consumer: Stopping Events...
[2023-12-06 16:59:26,076: DEBUG/MainProcess] | Consumer: Stopping Connection...
[2023-12-06 16:59:26,076: DEBUG/MainProcess] | Worker: Stopping Pool...
[2023-12-06 16:59:27,101: DEBUG/MainProcess] | Worker: Stopping Hub...
[2023-12-06 16:59:27,101: DEBUG/MainProcess] | Consumer: Shutdown Gossip...
[2023-12-06 16:59:27,102: DEBUG/MainProcess] | Consumer: Shutdown Control...
[2023-12-06 16:59:27,103: DEBUG/MainProcess] | Consumer: Shutdown Tasks...
[2023-12-06 16:59:27,103: DEBUG/MainProcess] Canceling task consumer...
[2023-12-06 16:59:27,103: DEBUG/MainProcess] Closing consumer channel...
[2023-12-06 16:59:27,104: DEBUG/MainProcess] | Consumer: Shutdown Heart...
[2023-12-06 16:59:27,104: DEBUG/MainProcess] | Consumer: Shutdown Events...
[2023-12-06 16:59:27,105: DEBUG/MainProcess] | Consumer: Shutdown Connection...
[2023-12-06 16:59:27,107: DEBUG/MainProcess] removing tasks from inqueue until task handler finished
[2023-12-06 16:59:36,418: DEBUG/MainProcess] | Worker: Preparing bootsteps.
[2023-12-06 16:59:36,422: DEBUG/MainProcess] | Worker: Building graph...
[2023-12-06 16:59:36,423: DEBUG/MainProcess] | Worker: New boot order: {Beat, Timer, Hub, Pool, Autoscaler, StateDB, Consumer}
[2023-12-06 16:59:36,453: DEBUG/MainProcess] | Consumer: Preparing bootsteps.
[2023-12-06 16:59:36,453: DEBUG/MainProcess] | Consumer: Building graph...
[2023-12-06 16:59:36,512: DEBUG/MainProcess] | Consumer: New boot order: {Connection, Events, Mingle, Gossip, Tasks, Control, Heart, Agent, event loop}
[2023-12-06 16:59:36,541: DEBUG/MainProcess] | Worker: Starting Hub
[2023-12-06 16:59:36,542: DEBUG/MainProcess] ^-- substep ok
[2023-12-06 16:59:36,542: DEBUG/MainProcess] | Worker: Starting Pool
[2023-12-06 16:59:36,783: DEBUG/MainProcess] ^-- substep ok
[2023-12-06 16:59:36,784: DEBUG/MainProcess] | Worker: Starting Consumer
[2023-12-06 16:59:36,784: DEBUG/MainProcess] | Consumer: Starting Connection
[2023-12-06 16:59:36,818: INFO/MainProcess] Connected to redis://redis:6379/0
[2023-12-06 16:59:36,819: DEBUG/MainProcess] ^-- substep ok
[2023-12-06 16:59:36,819: DEBUG/MainProcess] | Consumer: Starting Events
[2023-12-06 16:59:36,845: DEBUG/MainProcess] ^-- substep ok
[2023-12-06 16:59:36,845: DEBUG/MainProcess] | Consumer: Starting Mingle
[2023-12-06 16:59:36,845: INFO/MainProcess] mingle: searching for neighbors
[2023-12-06 16:59:37,903: INFO/MainProcess] mingle: all alone
[2023-12-06 16:59:37,904: DEBUG/MainProcess] ^-- substep ok
[2023-12-06 16:59:37,904: DEBUG/MainProcess] | Consumer: Starting Gossip
[2023-12-06 16:59:37,908: DEBUG/MainProcess] ^-- substep ok
[2023-12-06 16:59:37,909: DEBUG/MainProcess] | Consumer: Starting Tasks
[2023-12-06 16:59:37,914: DEBUG/MainProcess] ^-- substep ok
[2023-12-06 16:59:37,914: DEBUG/MainProcess] | Consumer: Starting Control
[2023-12-06 16:59:37,918: DEBUG/MainProcess] ^-- substep ok
[2023-12-06 16:59:37,918: DEBUG/MainProcess] | Consumer: Starting Heart
[2023-12-06 16:59:37,920: DEBUG/MainProcess] ^-- substep ok
[2023-12-06 16:59:37,920: DEBUG/MainProcess] | Consumer: Starting event loop
[2023-12-06 16:59:37,920: DEBUG/MainProcess] | Worker: Hub.register Pool...
[2023-12-06 16:59:37,921: INFO/MainProcess] celery@8043cdc92932 ready.
[2023-12-06 16:59:37,921: DEBUG/MainProcess] basic.qos: prefetch_count->32
[2023-12-06 16:59:53,458: DEBUG/MainProcess] | Worker: Closing Hub...
[2023-12-06 16:59:53,458: DEBUG/MainProcess] | Worker: Closing Pool...
[2023-12-06 16:59:53,459: DEBUG/MainProcess] | Worker: Closing Consumer...
[2023-12-06 16:59:53,459: DEBUG/MainProcess] | Worker: Stopping Consumer...
[2023-12-06 16:59:53,459: DEBUG/MainProcess] | Consumer: Closing Connection...
[2023-12-06 16:59:53,459: DEBUG/MainProcess] | Consumer: Closing Events...
[2023-12-06 16:59:53,459: DEBUG/MainProcess] | Consumer: Closing Mingle...
[2023-12-06 16:59:53,459: DEBUG/MainProcess] | Consumer: Closing Gossip...
[2023-12-06 16:59:53,460: DEBUG/MainProcess] | Consumer: Closing Tasks...
[2023-12-06 16:59:53,460: DEBUG/MainProcess] | Consumer: Closing Control...
[2023-12-06 16:59:53,460: DEBUG/MainProcess] | Consumer: Closing Heart...
[2023-12-06 16:59:53,460: DEBUG/MainProcess] | Consumer: Closing event loop...
[2023-12-06 16:59:53,460: DEBUG/MainProcess] | Consumer: Stopping event loop...
[2023-12-06 16:59:53,460: DEBUG/MainProcess] | Consumer: Stopping Heart...
[2023-12-06 16:59:53,462: DEBUG/MainProcess] | Consumer: Stopping Control...
[2023-12-06 16:59:53,464: DEBUG/MainProcess] | Consumer: Stopping Tasks...
[2023-12-06 16:59:53,464: DEBUG/MainProcess] Canceling task consumer...
[2023-12-06 16:59:53,464: DEBUG/MainProcess] | Consumer: Stopping Gossip...
[2023-12-06 16:59:53,466: DEBUG/MainProcess] | Consumer: Stopping Mingle...
[2023-12-06 16:59:53,466: DEBUG/MainProcess] | Consumer: Stopping Events...
[2023-12-06 16:59:53,467: DEBUG/MainProcess] | Consumer: Stopping Connection...
[2023-12-06 16:59:53,467: DEBUG/MainProcess] | Worker: Stopping Pool...
[2023-12-06 16:59:54,476: DEBUG/MainProcess] | Worker: Stopping Hub...
[2023-12-06 16:59:54,476: DEBUG/MainProcess] | Consumer: Shutdown Heart...
[2023-12-06 16:59:54,476: DEBUG/MainProcess] | Consumer: Shutdown Control...
[2023-12-06 16:59:54,476: DEBUG/MainProcess] | Consumer: Shutdown Tasks...
[2023-12-06 16:59:54,476: DEBUG/MainProcess] Canceling task consumer...
[2023-12-06 16:59:54,476: DEBUG/MainProcess] Closing consumer channel...
[2023-12-06 16:59:54,477: DEBUG/MainProcess] | Consumer: Shutdown Gossip...
[2023-12-06 16:59:54,477: DEBUG/MainProcess] | Consumer: Shutdown Events...
[2023-12-06 16:59:54,477: DEBUG/MainProcess] | Consumer: Shutdown Connection...
[2023-12-06 16:59:54,478: DEBUG/MainProcess] removing tasks from inqueue until task handler finished
[2023-12-06 17:11:39,171: DEBUG/MainProcess] | Worker: Preparing bootsteps.
[2023-12-06 17:11:39,174: DEBUG/MainProcess] | Worker: Building graph...
[2023-12-06 17:11:39,175: DEBUG/MainProcess] | Worker: New boot order: {Timer, Hub, Pool, Autoscaler, StateDB, Beat, Consumer}
[2023-12-06 17:11:39,204: DEBUG/MainProcess] | Consumer: Preparing bootsteps.
[2023-12-06 17:11:39,205: DEBUG/MainProcess] | Consumer: Building graph...
[2023-12-06 17:11:39,263: DEBUG/MainProcess] | Consumer: New boot order: {Connection, Events, Mingle, Gossip, Heart, Tasks, Control, Agent, event loop}
[2023-12-06 17:11:39,293: DEBUG/MainProcess] | Worker: Starting Hub
[2023-12-06 17:11:39,293: DEBUG/MainProcess] ^-- substep ok
[2023-12-06 17:11:39,293: DEBUG/MainProcess] | Worker: Starting Pool
[2023-12-06 17:11:39,541: DEBUG/MainProcess] ^-- substep ok
[2023-12-06 17:11:39,542: DEBUG/MainProcess] | Worker: Starting Consumer
[2023-12-06 17:11:39,542: DEBUG/MainProcess] | Consumer: Starting Connection
[2023-12-06 17:11:39,585: INFO/MainProcess] Connected to redis://redis:6379/0
[2023-12-06 17:11:39,585: DEBUG/MainProcess] ^-- substep ok
[2023-12-06 17:11:39,585: DEBUG/MainProcess] | Consumer: Starting Events
[2023-12-06 17:11:39,612: DEBUG/MainProcess] ^-- substep ok
[2023-12-06 17:11:39,612: DEBUG/MainProcess] | Consumer: Starting Mingle
[2023-12-06 17:11:39,613: INFO/MainProcess] mingle: searching for neighbors
[2023-12-06 17:11:40,674: INFO/MainProcess] mingle: all alone
[2023-12-06 17:11:40,675: DEBUG/MainProcess] ^-- substep ok
[2023-12-06 17:11:40,675: DEBUG/MainProcess] | Consumer: Starting Gossip
[2023-12-06 17:11:40,695: DEBUG/MainProcess] ^-- substep ok
[2023-12-06 17:11:40,696: DEBUG/MainProcess] | Consumer: Starting Heart
[2023-12-06 17:11:40,704: DEBUG/MainProcess] ^-- substep ok
[2023-12-06 17:11:40,704: DEBUG/MainProcess] | Consumer: Starting Tasks
[2023-12-06 17:11:40,715: DEBUG/MainProcess] ^-- substep ok
[2023-12-06 17:11:40,715: DEBUG/MainProcess] | Consumer: Starting Control
[2023-12-06 17:11:40,722: DEBUG/MainProcess] ^-- substep ok
[2023-12-06 17:11:40,722: DEBUG/MainProcess] | Consumer: Starting event loop
[2023-12-06 17:11:40,722: DEBUG/MainProcess] | Worker: Hub.register Pool...
[2023-12-06 17:11:40,723: INFO/MainProcess] celery@8043cdc92932 ready.
[2023-12-06 17:11:40,723: DEBUG/MainProcess] basic.qos: prefetch_count->32
[2023-12-06 17:25:13,349: DEBUG/MainProcess] | Worker: Closing Hub...
[2023-12-06 17:25:13,349: DEBUG/MainProcess] | Worker: Closing Pool...
[2023-12-06 17:25:13,350: DEBUG/MainProcess] | Worker: Closing Consumer...
[2023-12-06 17:25:13,350: DEBUG/MainProcess] | Worker: Stopping Consumer...
[2023-12-06 17:25:13,350: DEBUG/MainProcess] | Consumer: Closing Connection...
[2023-12-06 17:25:13,351: DEBUG/MainProcess] | Consumer: Closing Events...
[2023-12-06 17:25:13,351: DEBUG/MainProcess] | Consumer: Closing Mingle...
[2023-12-06 17:25:13,351: DEBUG/MainProcess] | Consumer: Closing Gossip...
[2023-12-06 17:25:13,351: DEBUG/MainProcess] | Consumer: Closing Heart...
[2023-12-06 17:25:13,352: DEBUG/MainProcess] | Consumer: Closing Tasks...
[2023-12-06 17:25:13,352: DEBUG/MainProcess] | Consumer: Closing Control...
[2023-12-06 17:25:13,352: DEBUG/MainProcess] | Consumer: Closing event loop...
[2023-12-06 17:25:13,352: DEBUG/MainProcess] | Consumer: Stopping event loop...
[2023-12-06 17:25:13,353: DEBUG/MainProcess] | Consumer: Stopping Control...
[2023-12-06 17:25:13,356: DEBUG/MainProcess] | Consumer: Stopping Tasks...
[2023-12-06 17:25:13,356: DEBUG/MainProcess] Canceling task consumer...
[2023-12-06 17:25:13,356: DEBUG/MainProcess] | Consumer: Stopping Heart...
[2023-12-06 17:25:13,358: DEBUG/MainProcess] | Consumer: Stopping Gossip...
[2023-12-06 17:25:13,360: DEBUG/MainProcess] | Consumer: Stopping Mingle...
[2023-12-06 17:25:13,361: DEBUG/MainProcess] | Consumer: Stopping Events...
[2023-12-06 17:25:13,361: DEBUG/MainProcess] | Consumer: Stopping Connection...
[2023-12-06 17:25:13,361: DEBUG/MainProcess] | Worker: Stopping Pool...
[2023-12-06 17:25:14,382: DEBUG/MainProcess] | Worker: Stopping Hub...
[2023-12-06 17:25:14,383: DEBUG/MainProcess] | Consumer: Shutdown Control...
[2023-12-06 17:25:14,384: DEBUG/MainProcess] | Consumer: Shutdown Tasks...
[2023-12-06 17:25:14,385: DEBUG/MainProcess] Canceling task consumer...
[2023-12-06 17:25:14,386: DEBUG/MainProcess] Closing consumer channel...
[2023-12-06 17:25:14,387: DEBUG/MainProcess] | Consumer: Shutdown Heart...
[2023-12-06 17:25:14,387: DEBUG/MainProcess] | Consumer: Shutdown Gossip...
[2023-12-06 17:25:14,388: DEBUG/MainProcess] | Consumer: Shutdown Events...
[2023-12-06 17:25:14,390: DEBUG/MainProcess] | Consumer: Shutdown Connection...
[2023-12-06 17:25:14,394: DEBUG/MainProcess] removing tasks from inqueue until task handler finished
[2023-12-06 17:25:18,582: DEBUG/MainProcess] | Worker: Preparing bootsteps.
[2023-12-06 17:25:18,585: DEBUG/MainProcess] | Worker: Building graph...
[2023-12-06 17:25:18,586: DEBUG/MainProcess] | Worker: New boot order: {Beat, StateDB, Timer, Hub, Pool, Autoscaler, Consumer}
[2023-12-06 17:25:18,615: DEBUG/MainProcess] | Consumer: Preparing bootsteps.
[2023-12-06 17:25:18,616: DEBUG/MainProcess] | Consumer: Building graph...
[2023-12-06 17:25:18,673: DEBUG/MainProcess] | Consumer: New boot order: {Connection, Agent, Events, Heart, Mingle, Tasks, Control, Gossip, event loop}
[2023-12-06 17:25:18,704: DEBUG/MainProcess] | Worker: Starting Hub
[2023-12-06 17:25:18,704: DEBUG/MainProcess] ^-- substep ok
[2023-12-06 17:25:18,704: DEBUG/MainProcess] | Worker: Starting Pool
[2023-12-06 17:25:18,941: DEBUG/MainProcess] ^-- substep ok
[2023-12-06 17:25:18,941: DEBUG/MainProcess] | Worker: Starting Consumer
[2023-12-06 17:25:18,941: DEBUG/MainProcess] | Consumer: Starting Connection
[2023-12-06 17:25:18,979: INFO/MainProcess] Connected to redis://redis:6379/0
[2023-12-06 17:25:18,979: DEBUG/MainProcess] ^-- substep ok
[2023-12-06 17:25:18,980: DEBUG/MainProcess] | Consumer: Starting Events
[2023-12-06 17:25:19,006: DEBUG/MainProcess] ^-- substep ok
[2023-12-06 17:25:19,006: DEBUG/MainProcess] | Consumer: Starting Heart
[2023-12-06 17:25:19,009: DEBUG/MainProcess] ^-- substep ok
[2023-12-06 17:25:19,009: DEBUG/MainProcess] | Consumer: Starting Mingle
[2023-12-06 17:25:19,010: INFO/MainProcess] mingle: searching for neighbors
[2023-12-06 17:25:20,072: INFO/MainProcess] mingle: all alone
[2023-12-06 17:25:20,073: DEBUG/MainProcess] ^-- substep ok
[2023-12-06 17:25:20,073: DEBUG/MainProcess] | Consumer: Starting Tasks
[2023-12-06 17:25:20,077: DEBUG/MainProcess] ^-- substep ok
[2023-12-06 17:25:20,078: DEBUG/MainProcess] | Consumer: Starting Control
[2023-12-06 17:25:20,082: DEBUG/MainProcess] ^-- substep ok
[2023-12-06 17:25:20,082: DEBUG/MainProcess] | Consumer: Starting Gossip
[2023-12-06 17:25:20,086: DEBUG/MainProcess] ^-- substep ok
[2023-12-06 17:25:20,086: DEBUG/MainProcess] | Consumer: Starting event loop
[2023-12-06 17:25:20,086: DEBUG/MainProcess] | Worker: Hub.register Pool...
[2023-12-06 17:25:20,087: INFO/MainProcess] celery@8043cdc92932 ready.
[2023-12-06 17:25:20,087: DEBUG/MainProcess] basic.qos: prefetch_count->32
[2023-12-06 17:27:45,147: DEBUG/MainProcess] | Worker: Closing Hub...
[2023-12-06 17:27:45,147: DEBUG/MainProcess] | Worker: Closing Pool...
[2023-12-06 17:27:45,147: DEBUG/MainProcess] | Worker: Closing Consumer...
[2023-12-06 17:27:45,147: DEBUG/MainProcess] | Worker: Stopping Consumer...
[2023-12-06 17:27:45,148: DEBUG/MainProcess] | Consumer: Closing Connection...
[2023-12-06 17:27:45,148: DEBUG/MainProcess] | Consumer: Closing Events...
[2023-12-06 17:27:45,148: DEBUG/MainProcess] | Consumer: Closing Heart...
[2023-12-06 17:27:45,148: DEBUG/MainProcess] | Consumer: Closing Mingle...
[2023-12-06 17:27:45,148: DEBUG/MainProcess] | Consumer: Closing Tasks...
[2023-12-06 17:27:45,148: DEBUG/MainProcess] | Consumer: Closing Control...
[2023-12-06 17:27:45,148: DEBUG/MainProcess] | Consumer: Closing Gossip...
[2023-12-06 17:27:45,149: DEBUG/MainProcess] | Consumer: Closing event loop...
[2023-12-06 17:27:45,149: DEBUG/MainProcess] | Consumer: Stopping event loop...
[2023-12-06 17:27:45,149: DEBUG/MainProcess] | Consumer: Stopping Gossip...
[2023-12-06 17:27:45,151: DEBUG/MainProcess] | Consumer: Stopping Control...
[2023-12-06 17:27:45,153: DEBUG/MainProcess] | Consumer: Stopping Tasks...
[2023-12-06 17:27:45,153: DEBUG/MainProcess] Canceling task consumer...
[2023-12-06 17:27:45,153: DEBUG/MainProcess] | Consumer: Stopping Mingle...
[2023-12-06 17:27:45,153: DEBUG/MainProcess] | Consumer: Stopping Heart...
[2023-12-06 17:27:45,155: DEBUG/MainProcess] | Consumer: Stopping Events...
[2023-12-06 17:27:45,155: DEBUG/MainProcess] | Consumer: Stopping Connection...
[2023-12-06 17:27:45,155: DEBUG/MainProcess] | Worker: Stopping Pool...
[2023-12-06 17:27:46,161: DEBUG/MainProcess] | Worker: Stopping Hub...
[2023-12-06 17:27:46,162: DEBUG/MainProcess] | Consumer: Shutdown Gossip...
[2023-12-06 17:27:46,162: DEBUG/MainProcess] | Consumer: Shutdown Control...
[2023-12-06 17:27:46,162: DEBUG/MainProcess] | Consumer: Shutdown Tasks...
[2023-12-06 17:27:46,162: DEBUG/MainProcess] Canceling task consumer...
[2023-12-06 17:27:46,162: DEBUG/MainProcess] Closing consumer channel...
[2023-12-06 17:27:46,163: DEBUG/MainProcess] | Consumer: Shutdown Heart...
[2023-12-06 17:27:46,163: DEBUG/MainProcess] | Consumer: Shutdown Events...
[2023-12-06 17:27:46,163: DEBUG/MainProcess] | Consumer: Shutdown Connection...
[2023-12-06 17:27:46,164: DEBUG/MainProcess] removing tasks from inqueue until task handler finished
[2023-12-06 17:29:59,888: DEBUG/MainProcess] | Worker: Preparing bootsteps.
[2023-12-06 17:29:59,892: DEBUG/MainProcess] | Worker: Building graph...
[2023-12-06 17:29:59,892: DEBUG/MainProcess] | Worker: New boot order: {Beat, Timer, Hub, Pool, Autoscaler, StateDB, Consumer}
[2023-12-06 17:29:59,922: DEBUG/MainProcess] | Consumer: Preparing bootsteps.
[2023-12-06 17:29:59,922: DEBUG/MainProcess] | Consumer: Building graph...
[2023-12-06 17:29:59,980: DEBUG/MainProcess] | Consumer: New boot order: {Connection, Agent, Events, Mingle, Tasks, Control, Heart, Gossip, event loop}
[2023-12-06 17:30:00,012: DEBUG/MainProcess] | Worker: Starting Hub
[2023-12-06 17:30:00,012: DEBUG/MainProcess] ^-- substep ok
[2023-12-06 17:30:00,012: DEBUG/MainProcess] | Worker: Starting Pool
[2023-12-06 17:30:00,258: DEBUG/MainProcess] ^-- substep ok
[2023-12-06 17:30:00,259: DEBUG/MainProcess] | Worker: Starting Consumer
[2023-12-06 17:30:00,259: DEBUG/MainProcess] | Consumer: Starting Connection
[2023-12-06 17:30:00,300: INFO/MainProcess] Connected to redis://redis:6379/0
[2023-12-06 17:30:00,300: DEBUG/MainProcess] ^-- substep ok
[2023-12-06 17:30:00,300: DEBUG/MainProcess] | Consumer: Starting Events
[2023-12-06 17:30:00,326: DEBUG/MainProcess] ^-- substep ok
[2023-12-06 17:30:00,327: DEBUG/MainProcess] | Consumer: Starting Mingle
[2023-12-06 17:30:00,327: INFO/MainProcess] mingle: searching for neighbors
[2023-12-06 17:30:01,388: INFO/MainProcess] mingle: all alone
[2023-12-06 17:30:01,389: DEBUG/MainProcess] ^-- substep ok
[2023-12-06 17:30:01,389: DEBUG/MainProcess] | Consumer: Starting Tasks
[2023-12-06 17:30:01,410: DEBUG/MainProcess] ^-- substep ok
[2023-12-06 17:30:01,411: DEBUG/MainProcess] | Consumer: Starting Control
[2023-12-06 17:30:01,423: DEBUG/MainProcess] ^-- substep ok
[2023-12-06 17:30:01,424: DEBUG/MainProcess] | Consumer: Starting Heart
[2023-12-06 17:30:01,427: DEBUG/MainProcess] ^-- substep ok
[2023-12-06 17:30:01,428: DEBUG/MainProcess] | Consumer: Starting Gossip
[2023-12-06 17:30:01,435: DEBUG/MainProcess] ^-- substep ok
[2023-12-06 17:30:01,435: DEBUG/MainProcess] | Consumer: Starting event loop
[2023-12-06 17:30:01,435: DEBUG/MainProcess] | Worker: Hub.register Pool...
[2023-12-06 17:30:01,436: INFO/MainProcess] celery@8043cdc92932 ready.
[2023-12-06 17:30:01,436: DEBUG/MainProcess] basic.qos: prefetch_count->32
[2023-12-06 17:50:11,951: DEBUG/MainProcess] | Worker: Closing Hub...
[2023-12-06 17:50:11,952: DEBUG/MainProcess] | Worker: Closing Pool...
[2023-12-06 17:50:11,952: DEBUG/MainProcess] | Worker: Closing Consumer...
[2023-12-06 17:50:11,952: DEBUG/MainProcess] | Worker: Stopping Consumer...
[2023-12-06 17:50:11,953: DEBUG/MainProcess] | Consumer: Closing Connection...
[2023-12-06 17:50:11,953: DEBUG/MainProcess] | Consumer: Closing Events...
[2023-12-06 17:50:11,953: DEBUG/MainProcess] | Consumer: Closing Mingle...
[2023-12-06 17:50:11,953: DEBUG/MainProcess] | Consumer: Closing Tasks...
[2023-12-06 17:50:11,954: DEBUG/MainProcess] | Consumer: Closing Control...
[2023-12-06 17:50:11,954: DEBUG/MainProcess] | Consumer: Closing Heart...
[2023-12-06 17:50:11,954: DEBUG/MainProcess] | Consumer: Closing Gossip...
[2023-12-06 17:50:11,954: DEBUG/MainProcess] | Consumer: Closing event loop...
[2023-12-06 17:50:11,955: DEBUG/MainProcess] | Consumer: Stopping event loop...
[2023-12-06 17:50:11,955: DEBUG/MainProcess] | Consumer: Stopping Gossip...
[2023-12-06 17:50:11,958: DEBUG/MainProcess] | Consumer: Stopping Heart...
[2023-12-06 17:50:11,959: DEBUG/MainProcess] | Consumer: Stopping Control...
[2023-12-06 17:50:11,961: DEBUG/MainProcess] | Consumer: Stopping Tasks...
[2023-12-06 17:50:11,962: DEBUG/MainProcess] Canceling task consumer...
[2023-12-06 17:50:11,962: DEBUG/MainProcess] | Consumer: Stopping Mingle...
[2023-12-06 17:50:11,962: DEBUG/MainProcess] | Consumer: Stopping Events...
[2023-12-06 17:50:11,962: DEBUG/MainProcess] | Consumer: Stopping Connection...
[2023-12-06 17:50:11,962: DEBUG/MainProcess] | Worker: Stopping Pool...
[2023-12-06 17:50:12,971: DEBUG/MainProcess] | Worker: Stopping Hub...
[2023-12-06 17:50:12,971: DEBUG/MainProcess] | Consumer: Shutdown Gossip...
[2023-12-06 17:50:12,971: DEBUG/MainProcess] | Consumer: Shutdown Heart...
[2023-12-06 17:50:12,971: DEBUG/MainProcess] | Consumer: Shutdown Control...
[2023-12-06 17:50:12,971: DEBUG/MainProcess] | Consumer: Shutdown Tasks...
[2023-12-06 17:50:12,971: DEBUG/MainProcess] Canceling task consumer...
[2023-12-06 17:50:12,972: DEBUG/MainProcess] Closing consumer channel...
[2023-12-06 17:50:12,972: DEBUG/MainProcess] | Consumer: Shutdown Events...
[2023-12-06 17:50:12,972: DEBUG/MainProcess] | Consumer: Shutdown Connection...
[2023-12-06 17:50:12,973: DEBUG/MainProcess] removing tasks from inqueue until task handler finished
[2023-12-06 18:17:23,875: DEBUG/MainProcess] | Worker: Preparing bootsteps.
[2023-12-06 18:17:23,877: DEBUG/MainProcess] | Worker: Building graph...
[2023-12-06 18:17:23,878: DEBUG/MainProcess] | Worker: New boot order: {StateDB, Beat, Timer, Hub, Pool, Autoscaler, Consumer}
[2023-12-06 18:17:23,907: DEBUG/MainProcess] | Consumer: Preparing bootsteps.
[2023-12-06 18:17:23,908: DEBUG/MainProcess] | Consumer: Building graph...
[2023-12-06 18:17:23,968: DEBUG/MainProcess] | Consumer: New boot order: {Connection, Events, Mingle, Tasks, Control, Heart, Agent, Gossip, event loop}
[2023-12-06 18:17:23,998: DEBUG/MainProcess] | Worker: Starting Hub
[2023-12-06 18:17:23,998: DEBUG/MainProcess] ^-- substep ok
[2023-12-06 18:17:23,998: DEBUG/MainProcess] | Worker: Starting Pool
[2023-12-06 18:17:24,341: DEBUG/MainProcess] ^-- substep ok
[2023-12-06 18:17:24,342: DEBUG/MainProcess] | Worker: Starting Consumer
[2023-12-06 18:17:24,342: DEBUG/MainProcess] | Consumer: Starting Connection
[2023-12-06 18:17:24,377: INFO/MainProcess] Connected to redis://redis:6379/0
[2023-12-06 18:17:24,377: DEBUG/MainProcess] ^-- substep ok
[2023-12-06 18:17:24,377: DEBUG/MainProcess] | Consumer: Starting Events
[2023-12-06 18:17:24,404: DEBUG/MainProcess] ^-- substep ok
[2023-12-06 18:17:24,405: DEBUG/MainProcess] | Consumer: Starting Mingle
[2023-12-06 18:17:24,405: INFO/MainProcess] mingle: searching for neighbors
[2023-12-06 18:17:25,466: INFO/MainProcess] mingle: all alone
[2023-12-06 18:17:25,467: DEBUG/MainProcess] ^-- substep ok
[2023-12-06 18:17:25,467: DEBUG/MainProcess] | Consumer: Starting Tasks
[2023-12-06 18:17:25,487: DEBUG/MainProcess] ^-- substep ok
[2023-12-06 18:17:25,487: DEBUG/MainProcess] | Consumer: Starting Control
[2023-12-06 18:17:25,504: DEBUG/MainProcess] ^-- substep ok
[2023-12-06 18:17:25,504: DEBUG/MainProcess] | Consumer: Starting Heart
[2023-12-06 18:17:25,512: DEBUG/MainProcess] ^-- substep ok
[2023-12-06 18:17:25,512: DEBUG/MainProcess] | Consumer: Starting Gossip
[2023-12-06 18:17:25,526: DEBUG/MainProcess] ^-- substep ok
[2023-12-06 18:17:25,527: DEBUG/MainProcess] | Consumer: Starting event loop
[2023-12-06 18:17:25,527: DEBUG/MainProcess] | Worker: Hub.register Pool...
[2023-12-06 18:17:25,528: INFO/MainProcess] celery@525e961c5aad ready.
[2023-12-06 18:17:25,528: DEBUG/MainProcess] basic.qos: prefetch_count->32
[2023-12-06 18:19:20,594: DEBUG/MainProcess] | Worker: Closing Hub...
[2023-12-06 18:19:20,594: DEBUG/MainProcess] | Worker: Closing Pool...
[2023-12-06 18:19:20,594: DEBUG/MainProcess] | Worker: Closing Consumer...
[2023-12-06 18:19:20,595: DEBUG/MainProcess] | Worker: Stopping Consumer...
[2023-12-06 18:19:20,595: DEBUG/MainProcess] | Consumer: Closing Connection...
[2023-12-06 18:19:20,595: DEBUG/MainProcess] | Consumer: Closing Events...
[2023-12-06 18:19:20,595: DEBUG/MainProcess] | Consumer: Closing Mingle...
[2023-12-06 18:19:20,595: DEBUG/MainProcess] | Consumer: Closing Tasks...
[2023-12-06 18:19:20,596: DEBUG/MainProcess] | Consumer: Closing Control...
[2023-12-06 18:19:20,596: DEBUG/MainProcess] | Consumer: Closing Heart...
[2023-12-06 18:19:20,596: DEBUG/MainProcess] | Consumer: Closing Gossip...
[2023-12-06 18:19:20,596: DEBUG/MainProcess] | Consumer: Closing event loop...
[2023-12-06 18:19:20,596: DEBUG/MainProcess] | Consumer: Stopping event loop...
[2023-12-06 18:19:20,596: DEBUG/MainProcess] | Consumer: Stopping Gossip...
[2023-12-06 18:19:20,599: DEBUG/MainProcess] | Consumer: Stopping Heart...
[2023-12-06 18:19:20,601: DEBUG/MainProcess] | Consumer: Stopping Control...
[2023-12-06 18:19:20,603: DEBUG/MainProcess] | Consumer: Stopping Tasks...
[2023-12-06 18:19:20,603: DEBUG/MainProcess] Canceling task consumer...
[2023-12-06 18:19:20,604: DEBUG/MainProcess] | Consumer: Stopping Mingle...
[2023-12-06 18:19:20,604: DEBUG/MainProcess] | Consumer: Stopping Events...
[2023-12-06 18:19:20,604: DEBUG/MainProcess] | Consumer: Stopping Connection...
[2023-12-06 18:19:20,604: DEBUG/MainProcess] | Worker: Stopping Pool...
[2023-12-06 18:19:21,628: DEBUG/MainProcess] | Worker: Stopping Hub...
[2023-12-06 18:19:21,629: DEBUG/MainProcess] | Consumer: Shutdown Gossip...
[2023-12-06 18:19:21,629: DEBUG/MainProcess] | Consumer: Shutdown Heart...
[2023-12-06 18:19:21,630: DEBUG/MainProcess] | Consumer: Shutdown Control...
[2023-12-06 18:19:21,630: DEBUG/MainProcess] | Consumer: Shutdown Tasks...
[2023-12-06 18:19:21,631: DEBUG/MainProcess] Canceling task consumer...
[2023-12-06 18:19:21,631: DEBUG/MainProcess] Closing consumer channel...
[2023-12-06 18:19:21,632: DEBUG/MainProcess] | Consumer: Shutdown Events...
[2023-12-06 18:19:21,633: DEBUG/MainProcess] | Consumer: Shutdown Connection...
[2023-12-06 18:19:21,636: DEBUG/MainProcess] removing tasks from inqueue until task handler finished
[2023-12-07 14:05:32,217: INFO/MainProcess] Connected to redis://redis:6379/0
[2023-12-07 14:05:32,247: INFO/MainProcess] mingle: searching for neighbors
[2023-12-07 14:05:33,308: INFO/MainProcess] mingle: all alone
[2023-12-07 14:05:33,353: INFO/MainProcess] celery@c9f4a54d39a4 ready.
[2023-12-07 14:05:45,232: INFO/MainProcess] Received task: app.tasks.ytsampler[5c0d6197-2094-499f-a0b8-3d56c19c71d6]  
[2023-12-07 14:05:45,802: WARNING/ForkPoolWorker-7] [youtube] Extracting URL: https://www.youtube.com/watch?v=HWBK8lActno
[2023-12-07 14:05:45,803: WARNING/ForkPoolWorker-7] [youtube] HWBK8lActno: Downloading webpage
[2023-12-07 14:05:46,514: WARNING/ForkPoolWorker-7] [youtube] HWBK8lActno: Downloading ios player API JSON
[2023-12-07 14:05:46,664: WARNING/ForkPoolWorker-7] [youtube] HWBK8lActno: Downloading android player API JSON
[2023-12-07 14:05:46,769: WARNING/ForkPoolWorker-7] [youtube] HWBK8lActno: Downloading m3u8 information
[2023-12-07 14:05:47,315: WARNING/ForkPoolWorker-7] [info] HWBK8lActno: Downloading 1 format(s): 140
[2023-12-07 14:05:47,469: WARNING/ForkPoolWorker-7] [download] Destination: app/files/5c0d6197-2094-499f-a0b8-3d56c19c71d6/kje so roke - nerezine [HWBK8lActno].m4a
[2023-12-07 14:05:47,471: WARNING/ForkPoolWorker-7] [download]   0.1% of    1.54MiB at  709.82KiB/s ETA 00:02
[2023-12-07 14:05:47,472: WARNING/ForkPoolWorker-7] [download]   0.2% of    1.54MiB at  914.72KiB/s ETA 00:01
[2023-12-07 14:05:47,474: WARNING/ForkPoolWorker-7] [download]   0.4% of    1.54MiB at    1.30MiB/s ETA 00:01
[2023-12-07 14:05:47,476: WARNING/ForkPoolWorker-7] [download]   1.0% of    1.54MiB at    2.15MiB/s ETA 00:00
[2023-12-07 14:05:47,481: WARNING/ForkPoolWorker-7] [download]   2.0% of    1.54MiB at    2.46MiB/s ETA 00:00
[2023-12-07 14:05:47,489: WARNING/ForkPoolWorker-7] [download]   4.0% of    1.54MiB at    3.26MiB/s ETA 00:00
[2023-12-07 14:05:47,495: WARNING/ForkPoolWorker-7] [download]   8.0% of    1.54MiB at    4.74MiB/s ETA 00:00
[2023-12-07 14:05:47,508: WARNING/ForkPoolWorker-7] [download]  16.2% of    1.54MiB at    6.46MiB/s ETA 00:00
[2023-12-07 14:05:47,528: WARNING/ForkPoolWorker-7] [download]  32.4% of    1.54MiB at    8.47MiB/s ETA 00:00
[2023-12-07 14:05:47,559: WARNING/ForkPoolWorker-7] [download]  64.8% of    1.54MiB at   11.16MiB/s ETA 00:00
[2023-12-07 14:05:47,590: WARNING/ForkPoolWorker-7] [download] 100.0% of    1.54MiB at   12.78MiB/s ETA 00:00
[2023-12-07 14:05:47,591: WARNING/ForkPoolWorker-7] [download] 100% of    1.54MiB in 00:00:00 at 7.28MiB/s
[2023-12-07 14:05:47,656: WARNING/ForkPoolWorker-7] [FixupM4a] Correcting container of "app/files/5c0d6197-2094-499f-a0b8-3d56c19c71d6/kje so roke - nerezine [HWBK8lActno].m4a"
[2023-12-07 14:05:47,803: WARNING/ForkPoolWorker-7] [ExtractAudio] Destination: app/files/5c0d6197-2094-499f-a0b8-3d56c19c71d6/kje so roke - nerezine [HWBK8lActno].mp3
[2023-12-07 14:05:49,853: WARNING/ForkPoolWorker-7] Deleting original file app/files/5c0d6197-2094-499f-a0b8-3d56c19c71d6/kje so roke - nerezine [HWBK8lActno].m4a (pass -k to keep)
[2023-12-07 14:05:49,900: DEBUG/ForkPoolWorker-7] runnin
[2023-12-07 14:05:49,900: DEBUG/ForkPoolWorker-7] app/files/5c0d6197-2094-499f-a0b8-3d56c19c71d6/kje so roke - nerezine [HWBK8lActno].mp3
[2023-12-07 14:05:49,904: DEBUG/ForkPoolWorker-7] app/files/5c0d6197-2094-499f-a0b8-3d56c19c71d6/kje so roke - nerezine [HWBK8lActno].mp3
[2023-12-07 14:05:50,368: INFO/ForkPoolWorker-7] Task app.tasks.ytsampler[5c0d6197-2094-499f-a0b8-3d56c19c71d6] succeeded in 5.1334961889951956s: 'app/files/5c0d6197-2094-499f-a0b8-3d56c19c71d6/kje so roke - nerezine [HWBK8lActno]_sample.mp3'
[2023-12-07 14:11:02,280: INFO/MainProcess] Connected to redis://redis:6379/0
[2023-12-07 14:11:02,306: INFO/MainProcess] mingle: searching for neighbors
[2023-12-07 14:11:03,368: INFO/MainProcess] mingle: all alone
[2023-12-07 14:11:03,416: INFO/MainProcess] celery@c9f4a54d39a4 ready.
[2023-12-07 14:11:39,212: INFO/MainProcess] Connected to redis://redis:6379/0
[2023-12-07 14:11:39,241: INFO/MainProcess] mingle: searching for neighbors
[2023-12-07 14:11:40,301: INFO/MainProcess] mingle: all alone
[2023-12-07 14:11:40,321: INFO/MainProcess] celery@c9f4a54d39a4 ready.
[2023-12-07 14:21:22,263: INFO/MainProcess] Connected to redis://redis:6379/0
[2023-12-07 14:21:22,291: INFO/MainProcess] mingle: searching for neighbors
[2023-12-07 14:21:23,352: INFO/MainProcess] mingle: all alone
[2023-12-07 14:21:23,395: INFO/MainProcess] celery@c9f4a54d39a4 ready.
[2023-12-07 14:22:31,328: INFO/MainProcess] Connected to redis://redis:6379/0
[2023-12-07 14:22:31,356: INFO/MainProcess] mingle: searching for neighbors
[2023-12-07 14:22:32,417: INFO/MainProcess] mingle: all alone
[2023-12-07 14:22:32,456: INFO/MainProcess] celery@c9f4a54d39a4 ready.
[2023-12-07 14:22:47,662: INFO/MainProcess] Connected to redis://redis:6379/0
[2023-12-07 14:22:47,689: INFO/MainProcess] mingle: searching for neighbors
[2023-12-07 14:22:48,746: INFO/MainProcess] mingle: all alone
[2023-12-07 14:22:48,764: INFO/MainProcess] celery@27745a732dd2 ready.
[2023-12-07 14:23:39,120: INFO/MainProcess] Connected to redis://redis:6379/0
[2023-12-07 14:23:39,150: INFO/MainProcess] mingle: searching for neighbors
[2023-12-07 14:23:40,211: INFO/MainProcess] mingle: all alone
[2023-12-07 14:23:40,255: INFO/MainProcess] celery@27745a732dd2 ready.
[2023-12-07 14:24:42,030: INFO/MainProcess] Connected to redis://redis:6379/0
[2023-12-07 14:24:42,058: INFO/MainProcess] mingle: searching for neighbors
[2023-12-07 14:24:43,120: INFO/MainProcess] mingle: all alone
[2023-12-07 14:24:43,168: INFO/MainProcess] celery@27745a732dd2 ready.
[2023-12-07 14:25:10,321: INFO/MainProcess] Connected to redis://redis:6379/0
[2023-12-07 14:25:10,347: INFO/MainProcess] mingle: searching for neighbors
[2023-12-07 14:25:11,408: INFO/MainProcess] mingle: all alone
[2023-12-07 14:25:11,449: INFO/MainProcess] celery@27745a732dd2 ready.
[2025-04-15 21:17:55,223: INFO/MainProcess] Connected to redis://redis:6379/0
[2025-04-15 21:17:55,226: INFO/MainProcess] mingle: searching for neighbors
[2025-04-15 21:17:56,238: INFO/MainProcess] mingle: all alone
[2025-04-15 21:17:56,273: INFO/MainProcess] celery@fb4bd0d39730 ready.
[2025-04-15 21:20:32,754: INFO/MainProcess] Task app.tasks.ytsampler[2f3e91bd-f625-4d52-99ae-7ee5bc05103f] received
[2025-04-15 21:20:33,375: WARNING/ForkPoolWorker-7] [youtube] Extracting URL: https://www.youtube.com/watch?v=Z3Eaj2HnziA
[2025-04-15 21:20:33,375: WARNING/ForkPoolWorker-7] [youtube] Z3Eaj2HnziA: Downloading webpage
[2025-04-15 21:20:33,988: WARNING/ForkPoolWorker-7] [youtube] Z3Eaj2HnziA: Downloading tv client config
[2025-04-15 21:20:34,141: WARNING/ForkPoolWorker-7] [youtube] Z3Eaj2HnziA: Downloading player 64be519f-main
[2025-04-15 21:20:34,327: WARNING/ForkPoolWorker-7] [youtube] Z3Eaj2HnziA: Downloading tv player API JSON
[2025-04-15 21:20:34,510: WARNING/ForkPoolWorker-7] [youtube] Z3Eaj2HnziA: Downloading ios player API JSON
[2025-04-15 21:20:36,101: WARNING/ForkPoolWorker-7] [youtube] Z3Eaj2HnziA: Downloading m3u8 information
[2025-04-15 21:20:36,481: WARNING/ForkPoolWorker-7] [info] Z3Eaj2HnziA: Downloading 1 format(s): 140
[2025-04-15 21:20:36,518: WARNING/ForkPoolWorker-7] [download] Destination: app/files/2f3e91bd-f625-4d52-99ae-7ee5bc05103f/Vlado Jeremi - Je Bil um [Z3Eaj2HnziA].m4a
[2025-04-15 21:20:36,519: WARNING/ForkPoolWorker-7] [download]   0.0% of    3.83MiB at  Unknown B/s ETA Unknown
[2025-04-15 21:20:36,519: WARNING/ForkPoolWorker-7] [download]   0.1% of    3.83MiB at  Unknown B/s ETA Unknown
[2025-04-15 21:20:36,520: WARNING/ForkPoolWorker-7] [download]   0.2% of    3.83MiB at    4.94MiB/s ETA 00:00  
[2025-04-15 21:20:36,520: WARNING/ForkPoolWorker-7] [download]   0.4% of    3.83MiB at    7.17MiB/s ETA 00:00
[2025-04-15 21:20:36,523: WARNING/ForkPoolWorker-7] [download]   0.8% of    3.83MiB at    6.64MiB/s ETA 00:00
[2025-04-15 21:20:36,528: WARNING/ForkPoolWorker-7] [download]   1.6% of    3.83MiB at    6.25MiB/s ETA 00:00
[2025-04-15 21:20:36,540: WARNING/ForkPoolWorker-7] [download]   3.2% of    3.83MiB at    5.84MiB/s ETA 00:00
[2025-04-15 21:20:36,550: WARNING/ForkPoolWorker-7] [download]   6.5% of    3.83MiB at    8.02MiB/s ETA 00:00
[2025-04-15 21:20:36,563: WARNING/ForkPoolWorker-7] [download]  13.0% of    3.83MiB at   11.38MiB/s ETA 00:00
[2025-04-15 21:20:36,584: WARNING/ForkPoolWorker-7] [download]  26.1% of    3.83MiB at   15.43MiB/s ETA 00:00
[2025-04-15 21:20:36,634: WARNING/ForkPoolWorker-7] [download]  52.2% of    3.83MiB at   17.25MiB/s ETA 00:00
[2025-04-15 21:20:37,218: WARNING/ForkPoolWorker-7] [download] 100.0% of    3.83MiB at    5.48MiB/s ETA 00:00
[2025-04-15 21:20:37,228: WARNING/ForkPoolWorker-7] [download] 100% of    3.83MiB in 00:00:00 at 5.23MiB/s   
[2025-04-15 21:20:37,355: WARNING/ForkPoolWorker-7] [FixupM4a] Correcting container of "app/files/2f3e91bd-f625-4d52-99ae-7ee5bc05103f/Vlado Jeremi - Je Bil um [Z3Eaj2HnziA].m4a"
[2025-04-15 21:20:37,604: WARNING/ForkPoolWorker-7] [ExtractAudio] Destination: app/files/2f3e91bd-f625-4d52-99ae-7ee5bc05103f/Vlado Jeremi - Je Bil um [Z3Eaj2HnziA].mp3
[2025-04-15 21:20:43,043: WARNING/ForkPoolWorker-7] Deleting original file app/files/2f3e91bd-f625-4d52-99ae-7ee5bc05103f/Vlado Jeremi - Je Bil um [Z3Eaj2HnziA].m4a (pass -k to keep)
[2025-04-15 21:20:43,053: WARNING/ForkPoolWorker-7] [2025-04-15 21:20:43,053] DEBUG in tasks: runnin
[2025-04-15 21:20:43,053: DEBUG/ForkPoolWorker-7] runnin
[2025-04-15 21:20:43,053: WARNING/ForkPoolWorker-7] [2025-04-15 21:20:43,053] DEBUG in tasks: app/files/2f3e91bd-f625-4d52-99ae-7ee5bc05103f/Vlado Jeremi - Je Bil um [Z3Eaj2HnziA].mp3
[2025-04-15 21:20:43,053: DEBUG/ForkPoolWorker-7] app/files/2f3e91bd-f625-4d52-99ae-7ee5bc05103f/Vlado Jeremi - Je Bil um [Z3Eaj2HnziA].mp3
[2025-04-15 21:20:44,027: INFO/ForkPoolWorker-7] Task app.tasks.ytsampler[2f3e91bd-f625-4d52-99ae-7ee5bc05103f] succeeded in 11.27189147999161s: 'app/files/2f3e91bd-f625-4d52-99ae-7ee5bc05103f/Vlado Jeremi - Je Bil um [Z3Eaj2HnziA]_sample.mp3'
[2025-04-15 21:23:47,079: INFO/MainProcess] Connected to redis://redis:6379/0
[2025-04-15 21:23:47,082: INFO/MainProcess] mingle: searching for neighbors
[2025-04-15 21:23:48,093: INFO/MainProcess] mingle: all alone
[2025-04-15 21:23:48,129: INFO/MainProcess] celery@fb4bd0d39730 ready.
[2025-04-15 21:24:09,975: INFO/MainProcess] Task app.tasks.ytsampler[854c1a2e-8f09-428d-b021-7844cec86584] received
[2025-04-15 21:24:10,547: WARNING/ForkPoolWorker-7] [youtube] Extracting URL: https://www.youtube.com/watch?v=Z3Eaj2HnziA
[2025-04-15 21:24:10,547: WARNING/ForkPoolWorker-7] [youtube] Z3Eaj2HnziA: Downloading webpage
[2025-04-15 21:24:11,288: WARNING/ForkPoolWorker-7] [youtube] Z3Eaj2HnziA: Downloading tv client config
[2025-04-15 21:24:11,450: WARNING/ForkPoolWorker-7] [youtube] Z3Eaj2HnziA: Downloading player 64be519f-main
[2025-04-15 21:24:11,624: WARNING/ForkPoolWorker-7] [youtube] Z3Eaj2HnziA: Downloading tv player API JSON
[2025-04-15 21:24:11,788: WARNING/ForkPoolWorker-7] [youtube] Z3Eaj2HnziA: Downloading ios player API JSON
[2025-04-15 21:24:13,242: WARNING/ForkPoolWorker-7] [youtube] Z3Eaj2HnziA: Downloading m3u8 information
[2025-04-15 21:24:13,535: WARNING/ForkPoolWorker-7] [info] Z3Eaj2HnziA: Downloading 1 format(s): 140
[2025-04-15 21:24:13,574: WARNING/ForkPoolWorker-7] [download] Destination: app/files/854c1a2e-8f09-428d-b021-7844cec86584/Vlado Jeremi - Je Bil um [Z3Eaj2HnziA].m4a
[2025-04-15 21:24:13,574: WARNING/ForkPoolWorker-7] [download]   0.0% of    3.83MiB at  Unknown B/s ETA Unknown
[2025-04-15 21:24:13,574: WARNING/ForkPoolWorker-7] [download]   0.1% of    3.83MiB at  Unknown B/s ETA Unknown
[2025-04-15 21:24:13,575: WARNING/ForkPoolWorker-7] [download]   0.2% of    3.83MiB at    4.91MiB/s ETA 00:00  
[2025-04-15 21:24:13,575: WARNING/ForkPoolWorker-7] [download]   0.4% of    3.83MiB at    7.60MiB/s ETA 00:00
[2025-04-15 21:24:13,579: WARNING/ForkPoolWorker-7] [download]   0.8% of    3.83MiB at    5.62MiB/s ETA 00:00
[2025-04-15 21:24:13,584: WARNING/ForkPoolWorker-7] [download]   1.6% of    3.83MiB at    5.89MiB/s ETA 00:00
[2025-04-15 21:24:13,588: WARNING/ForkPoolWorker-7] [download]   3.2% of    3.83MiB at    8.79MiB/s ETA 00:00
[2025-04-15 21:24:13,595: WARNING/ForkPoolWorker-7] [download]   6.5% of    3.83MiB at   11.57MiB/s ETA 00:00
[2025-04-15 21:24:13,607: WARNING/ForkPoolWorker-7] [download]  13.0% of    3.83MiB at   15.21MiB/s ETA 00:00
[2025-04-15 21:24:13,640: WARNING/ForkPoolWorker-7] [download]  26.1% of    3.83MiB at   15.11MiB/s ETA 00:00
[2025-04-15 21:24:13,677: WARNING/ForkPoolWorker-7] [download]  52.2% of    3.83MiB at   19.49MiB/s ETA 00:00
[2025-04-15 21:24:13,753: WARNING/ForkPoolWorker-7] [download] 100.0% of    3.83MiB at   21.49MiB/s ETA 00:00
[2025-04-15 21:24:13,759: WARNING/ForkPoolWorker-7] [download] 100% of    3.83MiB in 00:00:00 at 18.18MiB/s  
[2025-04-15 21:24:13,839: WARNING/ForkPoolWorker-7] [FixupM4a] Correcting container of "app/files/854c1a2e-8f09-428d-b021-7844cec86584/Vlado Jeremi - Je Bil um [Z3Eaj2HnziA].m4a"
[2025-04-15 21:24:14,053: WARNING/ForkPoolWorker-7] [ExtractAudio] Destination: app/files/854c1a2e-8f09-428d-b021-7844cec86584/Vlado Jeremi - Je Bil um [Z3Eaj2HnziA].mp3
[2025-04-15 21:24:19,304: WARNING/ForkPoolWorker-7] Deleting original file app/files/854c1a2e-8f09-428d-b021-7844cec86584/Vlado Jeremi - Je Bil um [Z3Eaj2HnziA].m4a (pass -k to keep)
[2025-04-15 21:24:19,313: WARNING/ForkPoolWorker-7] [2025-04-15 21:24:19,313] DEBUG in tasks: runnin
[2025-04-15 21:24:19,313: DEBUG/ForkPoolWorker-7] runnin
[2025-04-15 21:24:19,313: WARNING/ForkPoolWorker-7] [2025-04-15 21:24:19,313] DEBUG in tasks: app/files/854c1a2e-8f09-428d-b021-7844cec86584/Vlado Jeremi - Je Bil um [Z3Eaj2HnziA].mp3
[2025-04-15 21:24:19,313: DEBUG/ForkPoolWorker-7] app/files/854c1a2e-8f09-428d-b021-7844cec86584/Vlado Jeremi - Je Bil um [Z3Eaj2HnziA].mp3
[2025-04-15 21:24:20,240: INFO/ForkPoolWorker-7] Task app.tasks.ytsampler[854c1a2e-8f09-428d-b021-7844cec86584] succeeded in 10.264717623009346s: 'app/files/854c1a2e-8f09-428d-b021-7844cec86584/Vlado Jeremi - Je Bil um [Z3Eaj2HnziA]_sample.mp3'
